[    42.364] 
X.Org X Server 1.21.1.18
X Protocol Version 11, Revision 0
[    42.364] Current Operating System: Linux archlinux 6.16.1-arch1-1 #1 SMP PREEMPT_DYNAMIC Fri, 15 Aug 2025 16:04:43 +0000 x86_64
[    42.364] Kernel command line: BOOT_IMAGE=/vmlinuz-linux root=UUID=d82548cf-b27a-4161-add2-469537269986 rw zswap.enabled=0 rootfstype=ext4 loglevel=3 quiet
[    42.364]  
[    42.364] Current version of pixman: 0.46.4
[    42.364] 	Before reporting problems, check http://wiki.x.org
	to make sure that you have the latest version.
[    42.364] Markers: (--) probed, (**) from config file, (==) default setting,
	(++) from command line, (!!) notice, (II) informational,
	(WW) warning, (EE) error, (NI) not implemented, (??) unknown.
[    42.364] (==) Log file: "/home/m1sk/.local/share/xorg/Xorg.0.log", Time: Wed Aug 20 23:09:59 2025
[    42.603] (==) Using config directory: "/etc/X11/xorg.conf.d"
[    42.603] (==) Using system config directory "/usr/share/X11/xorg.conf.d"
[    42.683] (==) No Layout section.  Using the first Screen section.
[    42.683] (==) No screen section available. Using defaults.
[    42.683] (**) |-->Screen "Default Screen Section" (0)
[    42.683] (**) |   |-->Monitor "<default monitor>"
[    42.732] (==) No monitor specified for screen "Default Screen Section".
	Using a default monitor configuration.
[    42.732] (**) Allowing byte-swapped clients
[    42.732] (==) Automatically adding devices
[    42.732] (==) Automatically enabling devices
[    42.732] (==) Automatically adding GPU devices
[    42.732] (==) Automatically binding GPU devices
[    42.732] (==) Max clients allowed: 256, resource mask: 0x1fffff
[    42.734] (WW) The directory "/usr/share/fonts/misc" does not exist.
[    42.734] 	Entry deleted from font path.
[    42.762] (WW) `fonts.dir' not found (or not valid) in "/usr/share/fonts/TTF".
[    42.762] 	Entry deleted from font path.
[    42.762] 	(Run 'mkfontdir' on "/usr/share/fonts/TTF").
[    42.762] (WW) The directory "/usr/share/fonts/OTF" does not exist.
[    42.762] 	Entry deleted from font path.
[    42.762] (WW) The directory "/usr/share/fonts/Type1" does not exist.
[    42.762] 	Entry deleted from font path.
[    42.762] (WW) The directory "/usr/share/fonts/100dpi" does not exist.
[    42.762] 	Entry deleted from font path.
[    42.762] (WW) The directory "/usr/share/fonts/75dpi" does not exist.
[    42.762] 	Entry deleted from font path.
[    42.762] (==) FontPath set to:
	
[    42.762] (==) ModulePath set to "/usr/lib/xorg/modules"
[    42.762] (II) The server relies on udev to provide the list of input devices.
	If no devices become available, reconfigure udev or disable AutoAddDevices.
[    42.762] (II) Module ABI versions:
[    42.762] 	X.Org ANSI C Emulation: 0.4
[    42.762] 	X.Org Video Driver: 25.2
[    42.762] 	X.Org XInput driver : 24.4
[    42.762] 	X.Org Server Extension : 10.0
[    42.763] (++) using VT number 1

[    42.765] (II) systemd-logind: took control of session /org/freedesktop/login1/session/_31
[    42.767] (II) xfree86: Adding drm device (/dev/dri/card0)
[    42.767] (II) Platform probe for /sys/devices/pci0000:00/0000:00:01.0/0000:01:00.0/drm/card0
[    42.768] (II) systemd-logind: got fd for /dev/dri/card0 226:0 fd 13 paused 0
[    42.769] (--) PCI:*(1@0:0:0) 10de:1380:1acc:75a2 rev 162, Mem @ 0xf6000000/16777216, 0xe0000000/268435456, 0xf0000000/33554432, I/O @ 0x0000e000/128, BIOS @ 0x????????/131072
[    42.769] (II) LoadModule: "glx"
[    42.878] (II) Loading /usr/lib/xorg/modules/extensions/libglx.so
[    42.931] (II) Module glx: vendor="X.Org Foundation"
[    42.931] 	compiled for 1.21.1.18, module version = 1.0.0
[    42.931] 	ABI class: X.Org Server Extension, version 10.0
[    42.931] (==) Matched nouveau as autoconfigured driver 0
[    42.931] (==) Matched nv as autoconfigured driver 1
[    42.931] (==) Matched modesetting as autoconfigured driver 2
[    42.931] (==) Matched fbdev as autoconfigured driver 3
[    42.931] (==) Matched vesa as autoconfigured driver 4
[    42.931] (==) Assigned the driver to the xf86ConfigLayout
[    42.931] (II) LoadModule: "nouveau"
[    42.931] (WW) Warning, couldn't open module nouveau
[    42.931] (EE) Failed to load module "nouveau" (module does not exist, 0)
[    42.931] (II) LoadModule: "nv"
[    42.931] (WW) Warning, couldn't open module nv
[    42.931] (EE) Failed to load module "nv" (module does not exist, 0)
[    42.931] (II) LoadModule: "modesetting"
[    42.931] (II) Loading /usr/lib/xorg/modules/drivers/modesetting_drv.so
[    43.003] (II) Module modesetting: vendor="X.Org Foundation"
[    43.003] 	compiled for 1.21.1.18, module version = 1.21.1
[    43.003] 	Module class: X.Org Video Driver
[    43.003] 	ABI class: X.Org Video Driver, version 25.2
[    43.003] (II) LoadModule: "fbdev"
[    43.003] (WW) Warning, couldn't open module fbdev
[    43.003] (EE) Failed to load module "fbdev" (module does not exist, 0)
[    43.003] (II) LoadModule: "vesa"
[    43.003] (WW) Warning, couldn't open module vesa
[    43.003] (EE) Failed to load module "vesa" (module does not exist, 0)
[    43.003] (II) modesetting: Driver for Modesetting Kernel Drivers: kms
[    43.003] (II) modeset(0): using drv /dev/dri/card0
[    43.003] (WW) VGA arbiter: cannot open kernel arbiter, no multi-card support
[    43.004] (II) modeset(0): Creating default Display subsection in Screen section
	"Default Screen Section" for depth/fbbpp 24/32
[    43.004] (==) modeset(0): Depth 24, (==) framebuffer bpp 32
[    43.004] (==) modeset(0): RGB weight 888
[    43.004] (==) modeset(0): Default visual is TrueColor
[    43.004] (II) Loading sub module "glamoregl"
[    43.004] (II) LoadModule: "glamoregl"
[    43.004] (II) Loading /usr/lib/xorg/modules/libglamoregl.so
[    43.080] (II) Module glamoregl: vendor="X.Org Foundation"
[    43.080] 	compiled for 1.21.1.18, module version = 1.0.1
[    43.080] 	ABI class: X.Org ANSI C Emulation, version 0.4
[    49.247] (II) modeset(0): glamor X acceleration enabled on NV117
[    49.247] (II) modeset(0): glamor initialized
[    49.247] (==) modeset(0): VariableRefresh: disabled
[    49.247] (==) modeset(0): AsyncFlipSecondaries: disabled
[    49.247] (II) modeset(0): Output DVI-I-1 has no monitor section
[    49.283] (II) modeset(0): Output VGA-1 has no monitor section
[    49.283] (II) modeset(0): Output HDMI-1 has no monitor section
[    49.331] (II) modeset(0): EDID for output DVI-I-1
[    49.366] (II) modeset(0): EDID for output VGA-1
[    49.366] (II) modeset(0): Manufacturer: SAM  Model: ae6  Serial#: 808464435
[    49.366] (II) modeset(0): Year: 2014  Week: 8
[    49.367] (II) modeset(0): EDID Version: 1.3
[    49.367] (II) modeset(0): Analog Display Input,  Input Voltage Level: 0.700/0.300 V
[    49.367] (II) modeset(0): Sync:  Separate  Composite  SyncOnGreen
[    49.367] (II) modeset(0): Max Image Size [cm]: horiz.: 41  vert.: 23
[    49.367] (II) modeset(0): Gamma: 2.20
[    49.367] (II) modeset(0): DPMS capabilities: Off; RGB/Color Display
[    49.367] (II) modeset(0): First detailed timing is preferred mode
[    49.367] (II) modeset(0): redX: 0.634 redY: 0.351   greenX: 0.334 greenY: 0.605
[    49.367] (II) modeset(0): blueX: 0.146 blueY: 0.059   whiteX: 0.312 whiteY: 0.329
[    49.367] (II) modeset(0): Supported established timings:
[    49.367] (II) modeset(0): 720x400@70Hz
[    49.367] (II) modeset(0): 640x480@60Hz
[    49.367] (II) modeset(0): 640x480@67Hz
[    49.367] (II) modeset(0): 640x480@72Hz
[    49.367] (II) modeset(0): 640x480@75Hz
[    49.367] (II) modeset(0): 800x600@56Hz
[    49.367] (II) modeset(0): 800x600@60Hz
[    49.367] (II) modeset(0): 800x600@72Hz
[    49.367] (II) modeset(0): 800x600@75Hz
[    49.367] (II) modeset(0): 832x624@75Hz
[    49.367] (II) modeset(0): 1024x768@60Hz
[    49.367] (II) modeset(0): 1024x768@70Hz
[    49.367] (II) modeset(0): 1024x768@75Hz
[    49.367] (II) modeset(0): Manufacturer's mask: 0
[    49.367] (II) modeset(0): Supported standard timings:
[    49.367] (II) modeset(0): #0: hsize: 1280  vsize 720  refresh: 60  vid: 49281
[    49.367] (II) modeset(0): Supported detailed timing:
[    49.367] (II) modeset(0): clock: 85.5 MHz   Image Size:  410 x 230 mm
[    49.367] (II) modeset(0): h_active: 1366  h_sync: 1436  h_sync_end 1579 h_blank_end 1792 h_border: 0
[    49.367] (II) modeset(0): v_active: 768  v_sync: 771  v_sync_end 774 v_blanking: 798 v_border: 0
[    49.367] (II) modeset(0): Ranges: V min: 56 V max: 75 Hz, H min: 30 H max: 81 kHz, PixClock max 95 MHz
[    49.367] (II) modeset(0): Monitor name: S19C150
[    49.367] (II) modeset(0): Serial No: HKEF200492
[    49.367] (II) modeset(0): EDID (in hex):
[    49.367] (II) modeset(0): 	00ffffffffffff004c2de60a33303030
[    49.367] (II) modeset(0): 	081801030e2917782a7841a259559b25
[    49.367] (II) modeset(0): 	0f5054bfee0081c00101010101010101
[    49.367] (II) modeset(0): 	010101010101662156aa51001e30468f
[    49.367] (II) modeset(0): 	33009ae61000001e000000fd00384b1e
[    49.367] (II) modeset(0): 	5109000a202020202020000000fc0053
[    49.367] (II) modeset(0): 	3139433135300a2020202020000000ff
[    49.367] (II) modeset(0): 	00484b45463230303439320a202000dc
[    49.367] (II) modeset(0): Not using default mode "800x600" (bad mode clock/interlace/doublescan)
[    49.367] (II) modeset(0): Not using default mode "896x672" (bad mode clock/interlace/doublescan)
[    49.367] (II) modeset(0): Not using default mode "896x672" (bad mode clock/interlace/doublescan)
[    49.367] (II) modeset(0): Not using default mode "928x696" (bad mode clock/interlace/doublescan)
[    49.367] (II) modeset(0): Not using default mode "928x696" (bad mode clock/interlace/doublescan)
[    49.367] (II) modeset(0): Not using default mode "960x720" (bad mode clock/interlace/doublescan)
[    49.367] (II) modeset(0): Not using default mode "960x720" (bad mode clock/interlace/doublescan)
[    49.367] (II) modeset(0): Not using default mode "1024x768" (bad mode clock/interlace/doublescan)
[    49.367] (II) modeset(0): Not using default mode "1024x768" (bad mode clock/interlace/doublescan)
[    49.367] (II) modeset(0): Not using default mode "1024x576" (bad mode clock/interlace/doublescan)
[    49.367] (II) modeset(0): Not using default mode "1280x720" (bad mode clock/interlace/doublescan)
[    49.367] (II) modeset(0): Not using default mode "1280x720" (bad mode clock/interlace/doublescan)
[    49.367] (II) modeset(0): Not using default mode "960x600" (bad mode clock/interlace/doublescan)
[    49.368] (II) modeset(0): Printing probed modes for output VGA-1
[    49.368] (II) modeset(0): Modeline "1366x768"x59.8   85.50  1366 1436 1579 1792  768 771 774 798 +hsync +vsync (47.7 kHz eP)
[    49.368] (II) modeset(0): Modeline "1280x720"x59.9   74.50  1280 1344 1472 1664  720 723 728 748 -hsync +vsync (44.8 kHz d)
[    49.368] (II) modeset(0): Modeline "1280x720"x60.0   74.25  1280 1390 1430 1650  720 725 730 750 +hsync +vsync (45.0 kHz e)
[    49.368] (II) modeset(0): Modeline "1280x720"x59.7   63.75  1280 1328 1360 1440  720 723 728 741 +hsync -vsync (44.3 kHz d)
[    49.368] (II) modeset(0): Modeline "1024x768"x75.0   78.75  1024 1040 1136 1312  768 769 772 800 +hsync +vsync (60.0 kHz e)
[    49.368] (II) modeset(0): Modeline "1024x768"x70.1   75.00  1024 1048 1184 1328  768 771 777 806 -hsync -vsync (56.5 kHz e)
[    49.368] (II) modeset(0): Modeline "1024x768"x60.0   65.00  1024 1048 1184 1344  768 771 777 806 -hsync -vsync (48.4 kHz e)
[    49.368] (II) modeset(0): Modeline "1024x576"x60.0   78.38  1024 1048 1064 1104  576 577 580 592 doublescan +hsync -vsync (71.0 kHz d)
[    49.368] (II) modeset(0): Modeline "1024x576"x59.9   46.50  1024 1064 1160 1296  576 579 584 599 -hsync +vsync (35.9 kHz d)
[    49.368] (II) modeset(0): Modeline "1024x576"x59.8   42.00  1024 1072 1104 1184  576 579 584 593 +hsync -vsync (35.5 kHz d)
[    49.368] (II) modeset(0): Modeline "960x600"x60.0   77.00  960 984 1000 1040  600 601 604 617 doublescan +hsync -vsync (74.0 kHz d)
[    49.368] (II) modeset(0): Modeline "832x624"x74.6   57.28  832 864 928 1152  624 625 628 667 -hsync -vsync (49.7 kHz e)
[    49.368] (II) modeset(0): Modeline "960x540"x60.0   86.50  960 1024 1124 1288  540 541 544 560 doublescan -hsync +vsync (67.2 kHz d)
[    49.368] (II) modeset(0): Modeline "960x540"x60.0   69.25  960 984 1000 1040  540 541 544 555 doublescan +hsync -vsync (66.6 kHz d)
[    49.368] (II) modeset(0): Modeline "960x540"x59.6   40.75  960 992 1088 1216  540 543 548 562 -hsync +vsync (33.5 kHz d)
[    49.368] (II) modeset(0): Modeline "960x540"x59.8   37.25  960 1008 1040 1120  540 543 548 556 +hsync -vsync (33.3 kHz d)
[    49.368] (II) modeset(0): Modeline "800x600"x70.0   94.50  800 832 928 1080  600 600 602 625 doublescan +hsync +vsync (87.5 kHz d)
[    49.368] (II) modeset(0): Modeline "800x600"x65.0   87.75  800 832 928 1080  600 600 602 625 doublescan +hsync +vsync (81.2 kHz d)
[    49.368] (II) modeset(0): Modeline "800x600"x60.0   81.00  800 832 928 1080  600 600 602 625 doublescan +hsync +vsync (75.0 kHz d)
[    49.368] (II) modeset(0): Modeline "800x600"x72.2   50.00  800 856 976 1040  600 637 643 666 +hsync +vsync (48.1 kHz e)
[    49.368] (II) modeset(0): Modeline "800x600"x75.0   49.50  800 816 896 1056  600 601 604 625 +hsync +vsync (46.9 kHz e)
[    49.368] (II) modeset(0): Modeline "800x600"x60.3   40.00  800 840 968 1056  600 601 605 628 +hsync +vsync (37.9 kHz e)
[    49.368] (II) modeset(0): Modeline "800x600"x56.2   36.00  800 824 896 1024  600 601 603 625 +hsync +vsync (35.2 kHz e)
[    49.368] (II) modeset(0): Modeline "840x525"x60.0   73.12  840 892 980 1120  525 526 529 544 doublescan -hsync +vsync (65.3 kHz d)
[    49.368] (II) modeset(0): Modeline "840x525"x59.9   59.50  840 864 880 920  525 526 529 540 doublescan +hsync -vsync (64.7 kHz d)
[    49.368] (II) modeset(0): Modeline "864x486"x59.9   32.50  864 888 968 1072  486 489 494 506 -hsync +vsync (30.3 kHz d)
[    49.368] (II) modeset(0): Modeline "864x486"x59.6   30.50  864 912 944 1024  486 489 494 500 +hsync -vsync (29.8 kHz d)
[    49.368] (II) modeset(0): Modeline "700x525"x74.8   77.90  700 732 892 956  525 526 532 545 doublescan +hsync +vsync (81.5 kHz d)
[    49.368] (II) modeset(0): Modeline "700x525"x60.0   61.00  700 744 820 940  525 526 532 541 doublescan +hsync +vsync (64.9 kHz d)
[    49.368] (II) modeset(0): Modeline "800x450"x59.9   59.12  800 848 928 1056  450 451 454 467 doublescan -hsync +vsync (56.0 kHz d)
[    49.368] (II) modeset(0): Modeline "800x450"x59.8   48.75  800 824 840 880  450 451 454 463 doublescan +hsync -vsync (55.4 kHz d)
[    49.368] (II) modeset(0): Modeline "640x512"x75.0   67.50  640 648 720 844  512 512 514 533 doublescan +hsync +vsync (80.0 kHz d)
[    49.368] (II) modeset(0): Modeline "640x512"x60.0   54.00  640 664 720 844  512 512 514 533 doublescan +hsync +vsync (64.0 kHz d)
[    49.368] (II) modeset(0): Modeline "700x450"x60.0   51.75  700 740 812 924  450 451 456 467 doublescan -hsync +vsync (56.0 kHz d)
[    49.368] (II) modeset(0): Modeline "700x450"x59.9   43.25  700 724 740 780  450 451 456 463 doublescan +hsync -vsync (55.4 kHz d)
[    49.368] (II) modeset(0): Modeline "640x480"x60.0   54.00  640 688 744 900  480 480 482 500 doublescan +hsync +vsync (60.0 kHz d)
[    49.368] (II) modeset(0): Modeline "640x480"x75.0   31.50  640 656 720 840  480 481 484 500 -hsync -vsync (37.5 kHz e)
[    49.368] (II) modeset(0): Modeline "640x480"x72.8   31.50  640 664 704 832  480 489 492 520 -hsync -vsync (37.9 kHz e)
[    49.368] (II) modeset(0): Modeline "640x480"x75.0   31.50  640 656 720 840  480 481 484 500 -hsync -vsync (37.5 kHz d)
[    49.368] (II) modeset(0): Modeline "640x480"x66.7   30.24  640 704 768 864  480 483 486 525 -hsync -vsync (35.0 kHz e)
[    49.368] (II) modeset(0): Modeline "640x480"x59.9   25.18  640 656 752 800  480 490 492 525 -hsync -vsync (31.5 kHz e)
[    49.368] (II) modeset(0): Modeline "720x405"x59.5   22.50  720 744 808 896  405 408 413 422 -hsync +vsync (25.1 kHz d)
[    49.368] (II) modeset(0): Modeline "720x405"x59.0   21.75  720 768 800 880  405 408 413 419 +hsync -vsync (24.7 kHz d)
[    49.368] (II) modeset(0): Modeline "720x400"x70.1   28.32  720 738 846 900  400 412 414 449 -hsync +vsync (31.5 kHz e)
[    49.368] (II) modeset(0): Modeline "684x384"x59.9   42.62  684 720 788 892  384 385 390 399 doublescan -hsync +vsync (47.8 kHz d)
[    49.368] (II) modeset(0): Modeline "684x384"x59.9   36.12  684 708 724 764  384 385 390 395 doublescan +hsync -vsync (47.3 kHz d)
[    49.368] (II) modeset(0): Modeline "640x400"x59.9   41.75  640 676 740 840  400 401 404 415 doublescan -hsync +vsync (49.7 kHz d)
[    49.368] (II) modeset(0): Modeline "640x400"x60.0   35.50  640 664 680 720  400 401 404 411 doublescan +hsync -vsync (49.3 kHz d)
[    49.368] (II) modeset(0): Modeline "576x432"x75.0   54.00  576 608 672 800  432 432 434 450 doublescan +hsync +vsync (67.5 kHz d)
[    49.368] (II) modeset(0): Modeline "640x360"x59.9   37.25  640 672 736 832  360 361 364 374 doublescan -hsync +vsync (44.8 kHz d)
[    49.368] (II) modeset(0): Modeline "640x360"x59.8   31.88  640 664 680 720  360 361 364 370 doublescan +hsync -vsync (44.3 kHz d)
[    49.368] (II) modeset(0): Modeline "640x360"x59.8   18.00  640 664 720 800  360 363 368 376 -hsync +vsync (22.5 kHz d)
[    49.368] (II) modeset(0): Modeline "640x360"x59.3   17.75  640 688 720 800  360 363 368 374 +hsync -vsync (22.2 kHz d)
[    49.368] (II) modeset(0): Modeline "512x384"x75.0   39.38  512 520 568 656  384 384 386 400 doublescan +hsync +vsync (60.0 kHz d)
[    49.368] (II) modeset(0): Modeline "512x384"x70.1   37.50  512 524 592 664  384 385 388 403 doublescan -hsync -vsync (56.5 kHz d)
[    49.368] (II) modeset(0): Modeline "512x384"x60.0   32.50  512 524 592 672  384 385 388 403 doublescan -hsync -vsync (48.4 kHz d)
[    49.368] (II) modeset(0): Modeline "512x288"x60.0   23.25  512 532 580 648  288 289 292 299 doublescan -hsync +vsync (35.9 kHz d)
[    49.368] (II) modeset(0): Modeline "512x288"x59.9   21.00  512 536 552 592  288 289 292 296 doublescan +hsync -vsync (35.5 kHz d)
[    49.368] (II) modeset(0): Modeline "416x312"x74.7   28.64  416 432 464 576  312 312 314 333 doublescan -hsync -vsync (49.7 kHz d)
[    49.368] (II) modeset(0): Modeline "480x270"x59.6   20.38  480 496 544 608  270 271 274 281 doublescan -hsync +vsync (33.5 kHz d)
[    49.368] (II) modeset(0): Modeline "480x270"x59.8   18.62  480 504 520 560  270 271 274 278 doublescan +hsync -vsync (33.3 kHz d)
[    49.368] (II) modeset(0): Modeline "400x300"x72.2   25.00  400 428 488 520  300 318 321 333 doublescan +hsync +vsync (48.1 kHz d)
[    49.368] (II) modeset(0): Modeline "400x300"x75.1   24.75  400 408 448 528  300 300 302 312 doublescan +hsync +vsync (46.9 kHz d)
[    49.368] (II) modeset(0): Modeline "400x300"x60.3   20.00  400 420 484 528  300 300 302 314 doublescan +hsync +vsync (37.9 kHz d)
[    49.368] (II) modeset(0): Modeline "400x300"x56.3   18.00  400 412 448 512  300 300 301 312 doublescan +hsync +vsync (35.2 kHz d)
[    49.368] (II) modeset(0): Modeline "432x243"x59.9   16.25  432 444 484 536  243 244 247 253 doublescan -hsync +vsync (30.3 kHz d)
[    49.368] (II) modeset(0): Modeline "432x243"x59.6   15.25  432 456 472 512  243 244 247 250 doublescan +hsync -vsync (29.8 kHz d)
[    49.368] (II) modeset(0): Modeline "320x240"x72.8   15.75  320 332 352 416  240 244 246 260 doublescan -hsync -vsync (37.9 kHz d)
[    49.369] (II) modeset(0): Modeline "320x240"x75.0   15.75  320 328 360 420  240 240 242 250 doublescan -hsync -vsync (37.5 kHz d)
[    49.369] (II) modeset(0): Modeline "320x240"x60.1   12.59  320 328 376 400  240 245 246 262 doublescan -hsync -vsync (31.5 kHz d)
[    49.369] (II) modeset(0): Modeline "360x202"x59.5   11.25  360 372 404 448  202 204 206 211 doublescan -hsync +vsync (25.1 kHz d)
[    49.369] (II) modeset(0): Modeline "360x202"x59.1   10.88  360 384 400 440  202 204 206 209 doublescan +hsync -vsync (24.7 kHz d)
[    49.369] (II) modeset(0): Modeline "320x180"x59.8    9.00  320 332 360 400  180 181 184 188 doublescan -hsync +vsync (22.5 kHz d)
[    49.369] (II) modeset(0): Modeline "320x180"x59.3    8.88  320 344 360 400  180 181 184 187 doublescan +hsync -vsync (22.2 kHz d)
[    49.369] (II) modeset(0): EDID for output HDMI-1
[    49.369] (II) modeset(0): Output DVI-I-1 disconnected
[    49.369] (II) modeset(0): Output VGA-1 connected
[    49.369] (II) modeset(0): Output HDMI-1 disconnected
[    49.369] (II) modeset(0): Using exact sizes for initial modes
[    49.369] (II) modeset(0): Output VGA-1 using initial mode 1366x768 +0+0
[    49.369] (==) modeset(0): Using gamma correction (1.0, 1.0, 1.0)
[    49.369] (==) modeset(0): DPI set to (96, 96)
[    49.369] (II) Loading sub module "fb"
[    49.369] (II) LoadModule: "fb"
[    49.369] (II) Module "fb" already built-in
[    49.854] (==) modeset(0): Backing store enabled
[    49.854] (==) modeset(0): Silken mouse enabled
[    49.854] (II) modeset(0): Initializing kms color map for depth 24, 8 bpc.
[    49.863] (==) modeset(0): DPMS enabled
[    49.863] (II) modeset(0): [DRI2] Setup complete
[    49.863] (II) modeset(0): [DRI2]   DRI driver: nouveau
[    49.863] (II) modeset(0): [DRI2]   VDPAU driver: nouveau
[    49.863] (II) Initializing extension Generic Event Extension
[    49.863] (II) Initializing extension SHAPE
[    49.864] (II) Initializing extension MIT-SHM
[    49.864] (II) Initializing extension XInputExtension
[    49.864] (II) Initializing extension XTEST
[    49.865] (II) Initializing extension BIG-REQUESTS
[    49.865] (II) Initializing extension SYNC
[    49.865] (II) Initializing extension XKEYBOARD
[    49.866] (II) Initializing extension XC-MISC
[    49.866] (II) Initializing extension SECURITY
[    49.866] (II) Initializing extension XFIXES
[    49.867] (II) Initializing extension RENDER
[    49.867] (II) Initializing extension RANDR
[    49.868] (II) Initializing extension COMPOSITE
[    49.870] (II) Initializing extension DAMAGE
[    49.870] (II) Initializing extension MIT-SCREEN-SAVER
[    49.870] (II) Initializing extension DOUBLE-BUFFER
[    49.871] (II) Initializing extension RECORD
[    49.871] (II) Initializing extension DPMS
[    49.871] (II) Initializing extension Present
[    49.872] (II) Initializing extension DRI3
[    49.872] (II) Initializing extension X-Resource
[    49.872] (II) Initializing extension XVideo
[    49.872] (II) Initializing extension XVideo-MotionCompensation
[    49.873] (II) Initializing extension GLX
[    49.920] (II) AIGLX: Loaded and initialized nouveau
[    49.920] (II) GLX: Initialized DRI2 GL provider for screen 0
[    49.920] (II) Initializing extension XFree86-VidModeExtension
[    49.920] (II) Initializing extension XFree86-DGA
[    49.920] (II) Initializing extension XFree86-DRI
[    49.920] (II) Initializing extension DRI2
[    49.957] (II) modeset(0): Damage tracking initialized
[    49.957] (II) modeset(0): Setting screen physical size to 361 x 203
[    50.432] (II) config/udev: Adding input device Power Button (/dev/input/event1)
[    50.432] (**) Power Button: Applying InputClass "libinput keyboard catchall"
[    50.432] (**) Power Button: Applying InputClass "system-keyboard"
[    50.432] (II) LoadModule: "libinput"
[    50.432] (II) Loading /usr/lib/xorg/modules/input/libinput_drv.so
[    50.490] (II) Module libinput: vendor="X.Org Foundation"
[    50.490] 	compiled for 1.21.1.13, module version = 1.5.0
[    50.490] 	Module class: X.Org XInput Driver
[    50.490] 	ABI class: X.Org XInput driver, version 24.4
[    50.490] (II) Using input driver 'libinput' for 'Power Button'
[    50.491] (II) systemd-logind: got fd for /dev/input/event1 13:65 fd 25 paused 0
[    50.491] (**) Power Button: always reports core events
[    50.491] (**) Option "Device" "/dev/input/event1"
[    50.548] (II) event1  - Power Button: is tagged by udev as: Keyboard
[    50.548] (II) event1  - Power Button: device is a keyboard
[    50.548] (II) event1  - Power Button: device removed
[    50.548] (**) Option "config_info" "udev:/sys/devices/LNXSYSTM:00/LNXPWRBN:00/input/input1/event1"
[    50.548] (II) XINPUT: Adding extended input device "Power Button" (type: KEYBOARD, id 6)
[    50.548] (**) Option "xkb_model" "pc105"
[    50.548] (**) Option "xkb_layout" "fr"
[    50.548] (**) Option "xkb_options" "terminate:ctrl_alt_bksp"
[    50.604] (II) event1  - Power Button: is tagged by udev as: Keyboard
[    50.604] (II) event1  - Power Button: device is a keyboard
[    50.605] (II) config/udev: Adding input device Power Button (/dev/input/event0)
[    50.605] (**) Power Button: Applying InputClass "libinput keyboard catchall"
[    50.605] (**) Power Button: Applying InputClass "system-keyboard"
[    50.605] (II) Using input driver 'libinput' for 'Power Button'
[    50.606] (II) systemd-logind: got fd for /dev/input/event0 13:64 fd 28 paused 0
[    50.606] (**) Power Button: always reports core events
[    50.606] (**) Option "Device" "/dev/input/event0"
[    50.607] (II) event0  - Power Button: is tagged by udev as: Keyboard
[    50.607] (II) event0  - Power Button: device is a keyboard
[    50.607] (II) event0  - Power Button: device removed
[    50.607] (**) Option "config_info" "udev:/sys/devices/LNXSYSTM:00/LNXSYBUS:00/PNP0C0C:00/input/input0/event0"
[    50.607] (II) XINPUT: Adding extended input device "Power Button" (type: KEYBOARD, id 7)
[    50.607] (**) Option "xkb_model" "pc105"
[    50.607] (**) Option "xkb_layout" "fr"
[    50.607] (**) Option "xkb_options" "terminate:ctrl_alt_bksp"
[    50.608] (II) event0  - Power Button: is tagged by udev as: Keyboard
[    50.608] (II) event0  - Power Button: device is a keyboard
[    50.608] (II) config/udev: Adding input device HDA NVidia HDMI/DP,pcm=3 (/dev/input/event12)
[    50.608] (II) No input driver specified, ignoring this device.
[    50.608] (II) This device may have been added with another device file.
[    50.609] (II) config/udev: Adding input device HDA NVidia HDMI/DP,pcm=7 (/dev/input/event13)
[    50.609] (II) No input driver specified, ignoring this device.
[    50.609] (II) This device may have been added with another device file.
[    50.609] (II) config/udev: Adding input device HDA NVidia HDMI/DP,pcm=8 (/dev/input/event14)
[    50.609] (II) No input driver specified, ignoring this device.
[    50.609] (II) This device may have been added with another device file.
[    50.609] (II) config/udev: Adding input device HDA NVidia HDMI/DP,pcm=9 (/dev/input/event15)
[    50.609] (II) No input driver specified, ignoring this device.
[    50.609] (II) This device may have been added with another device file.
[    50.610] (II) config/udev: Adding input device SINO WEALTH Gaming KB  (/dev/input/event2)
[    50.610] (**) SINO WEALTH Gaming KB : Applying InputClass "libinput keyboard catchall"
[    50.610] (**) SINO WEALTH Gaming KB : Applying InputClass "system-keyboard"
[    50.610] (II) Using input driver 'libinput' for 'SINO WEALTH Gaming KB '
[    50.610] (II) systemd-logind: got fd for /dev/input/event2 13:66 fd 29 paused 0
[    50.610] (**) SINO WEALTH Gaming KB : always reports core events
[    50.610] (**) Option "Device" "/dev/input/event2"
[    50.611] (II) event2  - SINO WEALTH Gaming KB : is tagged by udev as: Keyboard
[    50.611] (II) event2  - SINO WEALTH Gaming KB : device is a keyboard
[    50.611] (II) event2  - SINO WEALTH Gaming KB : device removed
[    50.612] (**) Option "config_info" "udev:/sys/devices/pci0000:00/0000:00:14.0/usb2/2-3/2-3:1.0/0003:258A:002A.0001/input/input2/event2"
[    50.612] (II) XINPUT: Adding extended input device "SINO WEALTH Gaming KB " (type: KEYBOARD, id 8)
[    50.612] (**) Option "xkb_model" "pc105"
[    50.612] (**) Option "xkb_layout" "fr"
[    50.612] (**) Option "xkb_options" "terminate:ctrl_alt_bksp"
[    50.613] (II) event2  - SINO WEALTH Gaming KB : is tagged by udev as: Keyboard
[    50.613] (II) event2  - SINO WEALTH Gaming KB : device is a keyboard
[    50.613] (II) config/udev: Adding input device SINO WEALTH Gaming KB  System Control (/dev/input/event3)
[    50.613] (**) SINO WEALTH Gaming KB  System Control: Applying InputClass "libinput keyboard catchall"
[    50.613] (**) SINO WEALTH Gaming KB  System Control: Applying InputClass "system-keyboard"
[    50.613] (II) Using input driver 'libinput' for 'SINO WEALTH Gaming KB  System Control'
[    50.614] (II) systemd-logind: got fd for /dev/input/event3 13:67 fd 30 paused 0
[    50.614] (**) SINO WEALTH Gaming KB  System Control: always reports core events
[    50.614] (**) Option "Device" "/dev/input/event3"
[    50.615] (II) event3  - SINO WEALTH Gaming KB  System Control: is tagged by udev as: Keyboard
[    50.615] (II) event3  - SINO WEALTH Gaming KB  System Control: device is a keyboard
[    50.615] (II) event3  - SINO WEALTH Gaming KB  System Control: device removed
[    50.615] (**) Option "config_info" "udev:/sys/devices/pci0000:00/0000:00:14.0/usb2/2-3/2-3:1.1/0003:258A:002A.0002/input/input3/event3"
[    50.615] (II) XINPUT: Adding extended input device "SINO WEALTH Gaming KB  System Control" (type: KEYBOARD, id 9)
[    50.615] (**) Option "xkb_model" "pc105"
[    50.615] (**) Option "xkb_layout" "fr"
[    50.615] (**) Option "xkb_options" "terminate:ctrl_alt_bksp"
[    50.616] (II) event3  - SINO WEALTH Gaming KB  System Control: is tagged by udev as: Keyboard
[    50.616] (II) event3  - SINO WEALTH Gaming KB  System Control: device is a keyboard
[    50.617] (II) config/udev: Adding input device SINO WEALTH Gaming KB  Consumer Control (/dev/input/event4)
[    50.617] (**) SINO WEALTH Gaming KB  Consumer Control: Applying InputClass "libinput keyboard catchall"
[    50.617] (**) SINO WEALTH Gaming KB  Consumer Control: Applying InputClass "system-keyboard"
[    50.617] (II) Using input driver 'libinput' for 'SINO WEALTH Gaming KB  Consumer Control'
[    50.617] (II) systemd-logind: got fd for /dev/input/event4 13:68 fd 31 paused 0
[    50.617] (**) SINO WEALTH Gaming KB  Consumer Control: always reports core events
[    50.617] (**) Option "Device" "/dev/input/event4"
[    50.618] (II) event4  - SINO WEALTH Gaming KB  Consumer Control: is tagged by udev as: Keyboard
[    50.618] (II) event4  - SINO WEALTH Gaming KB  Consumer Control: device is a keyboard
[    50.619] (II) event4  - SINO WEALTH Gaming KB  Consumer Control: device removed
[    50.619] (II) libinput: SINO WEALTH Gaming KB  Consumer Control: needs a virtual subdevice
[    50.619] (**) Option "config_info" "udev:/sys/devices/pci0000:00/0000:00:14.0/usb2/2-3/2-3:1.1/0003:258A:002A.0002/input/input4/event4"
[    50.619] (II) XINPUT: Adding extended input device "SINO WEALTH Gaming KB  Consumer Control" (type: MOUSE, id 10)
[    50.619] (**) Option "AccelerationScheme" "none"
[    50.619] (**) SINO WEALTH Gaming KB  Consumer Control: (accel) selected scheme none/0
[    50.619] (**) SINO WEALTH Gaming KB  Consumer Control: (accel) acceleration factor: 2.000
[    50.619] (**) SINO WEALTH Gaming KB  Consumer Control: (accel) acceleration threshold: 4
[    50.620] (II) event4  - SINO WEALTH Gaming KB  Consumer Control: is tagged by udev as: Keyboard
[    50.620] (II) event4  - SINO WEALTH Gaming KB  Consumer Control: device is a keyboard
[    50.620] (II) config/udev: Adding input device SINO WEALTH Gaming KB  Keyboard (/dev/input/event5)
[    50.620] (**) SINO WEALTH Gaming KB  Keyboard: Applying InputClass "libinput keyboard catchall"
[    50.620] (**) SINO WEALTH Gaming KB  Keyboard: Applying InputClass "system-keyboard"
[    50.620] (II) Using input driver 'libinput' for 'SINO WEALTH Gaming KB  Keyboard'
[    50.621] (II) systemd-logind: got fd for /dev/input/event5 13:69 fd 32 paused 0
[    50.621] (**) SINO WEALTH Gaming KB  Keyboard: always reports core events
[    50.621] (**) Option "Device" "/dev/input/event5"
[    50.622] (II) event5  - SINO WEALTH Gaming KB  Keyboard: is tagged by udev as: Keyboard
[    50.622] (II) event5  - SINO WEALTH Gaming KB  Keyboard: device is a keyboard
[    50.622] (II) event5  - SINO WEALTH Gaming KB  Keyboard: device removed
[    50.622] (**) Option "config_info" "udev:/sys/devices/pci0000:00/0000:00:14.0/usb2/2-3/2-3:1.1/0003:258A:002A.0002/input/input5/event5"
[    50.622] (II) XINPUT: Adding extended input device "SINO WEALTH Gaming KB  Keyboard" (type: KEYBOARD, id 11)
[    50.622] (**) Option "xkb_model" "pc105"
[    50.622] (**) Option "xkb_layout" "fr"
[    50.622] (**) Option "xkb_options" "terminate:ctrl_alt_bksp"
[    50.623] (II) event5  - SINO WEALTH Gaming KB  Keyboard: is tagged by udev as: Keyboard
[    50.623] (II) event5  - SINO WEALTH Gaming KB  Keyboard: device is a keyboard
[    50.624] (II) config/udev: Adding input device SINO WEALTH Gaming KB  Mouse (/dev/input/event6)
[    50.624] (**) SINO WEALTH Gaming KB  Mouse: Applying InputClass "libinput pointer catchall"
[    50.624] (II) Using input driver 'libinput' for 'SINO WEALTH Gaming KB  Mouse'
[    50.624] (II) systemd-logind: got fd for /dev/input/event6 13:70 fd 33 paused 0
[    50.624] (**) SINO WEALTH Gaming KB  Mouse: always reports core events
[    50.624] (**) Option "Device" "/dev/input/event6"
[    50.625] (II) event6  - SINO WEALTH Gaming KB  Mouse: is tagged by udev as: Mouse
[    50.626] (II) event6  - SINO WEALTH Gaming KB  Mouse: device is a pointer
[    50.626] (II) event6  - SINO WEALTH Gaming KB  Mouse: device removed
[    50.626] (II) libinput: SINO WEALTH Gaming KB  Mouse: Step value 0 was provided, libinput Fallback acceleration function is used.
[    50.626] (II) libinput: SINO WEALTH Gaming KB  Mouse: Step value 0 was provided, libinput Fallback acceleration function is used.
[    50.626] (II) libinput: SINO WEALTH Gaming KB  Mouse: Step value 0 was provided, libinput Fallback acceleration function is used.
[    50.626] (**) Option "config_info" "udev:/sys/devices/pci0000:00/0000:00:14.0/usb2/2-3/2-3:1.1/0003:258A:002A.0002/input/input6/event6"
[    50.626] (II) XINPUT: Adding extended input device "SINO WEALTH Gaming KB  Mouse" (type: MOUSE, id 12)
[    50.626] (**) Option "AccelerationScheme" "none"
[    50.626] (**) SINO WEALTH Gaming KB  Mouse: (accel) selected scheme none/0
[    50.626] (**) SINO WEALTH Gaming KB  Mouse: (accel) acceleration factor: 2.000
[    50.626] (**) SINO WEALTH Gaming KB  Mouse: (accel) acceleration threshold: 4
[    50.627] (II) event6  - SINO WEALTH Gaming KB  Mouse: is tagged by udev as: Mouse
[    50.627] (II) event6  - SINO WEALTH Gaming KB  Mouse: device is a pointer
[    50.628] (II) config/udev: Adding input device SINO WEALTH Gaming KB  Mouse (/dev/input/mouse0)
[    50.628] (II) No input driver specified, ignoring this device.
[    50.628] (II) This device may have been added with another device file.
[    50.628] (II) config/udev: Adding input device USB Gaming Mouse (/dev/input/event7)
[    50.628] (**) USB Gaming Mouse: Applying InputClass "libinput pointer catchall"
[    50.628] (II) Using input driver 'libinput' for 'USB Gaming Mouse'
[    50.680] (II) systemd-logind: got fd for /dev/input/event7 13:71 fd 34 paused 0
[    50.680] (**) USB Gaming Mouse: always reports core events
[    50.680] (**) Option "Device" "/dev/input/event7"
[    50.682] (II) event7  - USB Gaming Mouse: is tagged by udev as: Mouse
[    50.682] (II) event7  - USB Gaming Mouse: device is a pointer
[    50.682] (II) event7  - USB Gaming Mouse: device removed
[    50.682] (II) libinput: USB Gaming Mouse: Step value 0 was provided, libinput Fallback acceleration function is used.
[    50.682] (II) libinput: USB Gaming Mouse: Step value 0 was provided, libinput Fallback acceleration function is used.
[    50.682] (II) libinput: USB Gaming Mouse: Step value 0 was provided, libinput Fallback acceleration function is used.
[    50.683] (**) Option "config_info" "udev:/sys/devices/pci0000:00/0000:00:14.0/usb2/2-4/2-4:1.0/0003:04D9:FC4F.0003/input/input7/event7"
[    50.683] (II) XINPUT: Adding extended input device "USB Gaming Mouse" (type: MOUSE, id 13)
[    50.683] (**) Option "AccelerationScheme" "none"
[    50.683] (**) USB Gaming Mouse: (accel) selected scheme none/0
[    50.683] (**) USB Gaming Mouse: (accel) acceleration factor: 2.000
[    50.683] (**) USB Gaming Mouse: (accel) acceleration threshold: 4
[    50.685] (II) event7  - USB Gaming Mouse: is tagged by udev as: Mouse
[    50.685] (II) event7  - USB Gaming Mouse: device is a pointer
[    50.686] (II) config/udev: Adding input device USB Gaming Mouse (/dev/input/mouse1)
[    50.686] (II) No input driver specified, ignoring this device.
[    50.686] (II) This device may have been added with another device file.
[    50.687] (II) config/udev: Adding input device USB Gaming Mouse (/dev/input/event8)
[    50.687] (**) USB Gaming Mouse: Applying InputClass "libinput keyboard catchall"
[    50.687] (**) USB Gaming Mouse: Applying InputClass "system-keyboard"
[    50.687] (II) Using input driver 'libinput' for 'USB Gaming Mouse'
[    50.687] (II) systemd-logind: got fd for /dev/input/event8 13:72 fd 35 paused 0
[    50.687] (**) USB Gaming Mouse: always reports core events
[    50.687] (**) Option "Device" "/dev/input/event8"
[    50.688] (II) event8  - USB Gaming Mouse: is tagged by udev as: Keyboard
[    50.688] (II) event8  - USB Gaming Mouse: device is a keyboard
[    50.688] (II) event8  - USB Gaming Mouse: device removed
[    50.688] (**) Option "config_info" "udev:/sys/devices/pci0000:00/0000:00:14.0/usb2/2-4/2-4:1.1/0003:04D9:FC4F.0004/input/input8/event8"
[    50.688] (II) XINPUT: Adding extended input device "USB Gaming Mouse" (type: KEYBOARD, id 14)
[    50.688] (**) Option "xkb_model" "pc105"
[    50.688] (**) Option "xkb_layout" "fr"
[    50.688] (**) Option "xkb_options" "terminate:ctrl_alt_bksp"
[    50.689] (II) event8  - USB Gaming Mouse: is tagged by udev as: Keyboard
[    50.689] (II) event8  - USB Gaming Mouse: device is a keyboard
[    50.690] (II) config/udev: Adding input device USB Gaming Mouse (/dev/input/event10)
[    50.690] (II) No input driver specified, ignoring this device.
[    50.690] (II) This device may have been added with another device file.
[    50.691] (II) config/udev: Adding input device USB Gaming Mouse Consumer Control (/dev/input/event9)
[    50.691] (**) USB Gaming Mouse Consumer Control: Applying InputClass "libinput keyboard catchall"
[    50.691] (**) USB Gaming Mouse Consumer Control: Applying InputClass "system-keyboard"
[    50.691] (II) Using input driver 'libinput' for 'USB Gaming Mouse Consumer Control'
[    50.691] (II) systemd-logind: got fd for /dev/input/event9 13:73 fd 36 paused 0
[    50.691] (**) USB Gaming Mouse Consumer Control: always reports core events
[    50.691] (**) Option "Device" "/dev/input/event9"
[    50.692] (II) event9  - USB Gaming Mouse Consumer Control: is tagged by udev as: Keyboard
[    50.692] (II) event9  - USB Gaming Mouse Consumer Control: device is a keyboard
[    50.692] (II) event9  - USB Gaming Mouse Consumer Control: device removed
[    50.692] (II) libinput: USB Gaming Mouse Consumer Control: needs a virtual subdevice
[    50.692] (**) Option "config_info" "udev:/sys/devices/pci0000:00/0000:00:14.0/usb2/2-4/2-4:1.2/0003:04D9:FC4F.0005/input/input9/event9"
[    50.692] (II) XINPUT: Adding extended input device "USB Gaming Mouse Consumer Control" (type: MOUSE, id 15)
[    50.693] (**) Option "AccelerationScheme" "none"
[    50.693] (**) USB Gaming Mouse Consumer Control: (accel) selected scheme none/0
[    50.693] (**) USB Gaming Mouse Consumer Control: (accel) acceleration factor: 2.000
[    50.693] (**) USB Gaming Mouse Consumer Control: (accel) acceleration threshold: 4
[    50.694] (II) event9  - USB Gaming Mouse Consumer Control: is tagged by udev as: Keyboard
[    50.694] (II) event9  - USB Gaming Mouse Consumer Control: device is a keyboard
[    50.694] (II) config/udev: Adding input device HDA Intel PCH Rear Mic (/dev/input/event16)
[    50.694] (II) No input driver specified, ignoring this device.
[    50.694] (II) This device may have been added with another device file.
[    50.694] (II) config/udev: Adding input device HDA Intel PCH Front Mic (/dev/input/event17)
[    50.694] (II) No input driver specified, ignoring this device.
[    50.694] (II) This device may have been added with another device file.
[    50.695] (II) config/udev: Adding input device HDA Intel PCH Line (/dev/input/event18)
[    50.695] (II) No input driver specified, ignoring this device.
[    50.695] (II) This device may have been added with another device file.
[    50.695] (II) config/udev: Adding input device HDA Intel PCH Line Out (/dev/input/event19)
[    50.695] (II) No input driver specified, ignoring this device.
[    50.695] (II) This device may have been added with another device file.
[    50.695] (II) config/udev: Adding input device HDA Intel PCH Front Headphone (/dev/input/event20)
[    50.695] (II) No input driver specified, ignoring this device.
[    50.695] (II) This device may have been added with another device file.
[    50.695] (II) config/udev: Adding input device PC Speaker (/dev/input/event11)
[    50.695] (II) No input driver specified, ignoring this device.
[    50.695] (II) This device may have been added with another device file.
[    50.701] (**) SINO WEALTH Gaming KB  Consumer Control: Applying InputClass "libinput keyboard catchall"
[    50.701] (**) SINO WEALTH Gaming KB  Consumer Control: Applying InputClass "system-keyboard"
[    50.701] (II) Using input driver 'libinput' for 'SINO WEALTH Gaming KB  Consumer Control'
[    50.701] (II) systemd-logind: returning pre-existing fd for /dev/input/event4 13:68
[    50.701] (**) SINO WEALTH Gaming KB  Consumer Control: always reports core events
[    50.701] (**) Option "Device" "/dev/input/event4"
[    50.701] (II) libinput: SINO WEALTH Gaming KB  Consumer Control: is a virtual subdevice
[    50.701] (**) Option "config_info" "udev:/sys/devices/pci0000:00/0000:00:14.0/usb2/2-3/2-3:1.1/0003:258A:002A.0002/input/input4/event4"
[    50.701] (II) XINPUT: Adding extended input device "SINO WEALTH Gaming KB  Consumer Control" (type: KEYBOARD, id 16)
[    50.701] (**) Option "xkb_model" "pc105"
[    50.701] (**) Option "xkb_layout" "fr"
[    50.701] (**) Option "xkb_options" "terminate:ctrl_alt_bksp"
[    50.701] (**) USB Gaming Mouse Consumer Control: Applying InputClass "libinput keyboard catchall"
[    50.701] (**) USB Gaming Mouse Consumer Control: Applying InputClass "system-keyboard"
[    50.701] (II) Using input driver 'libinput' for 'USB Gaming Mouse Consumer Control'
[    50.701] (II) systemd-logind: returning pre-existing fd for /dev/input/event9 13:73
[    50.701] (**) USB Gaming Mouse Consumer Control: always reports core events
[    50.701] (**) Option "Device" "/dev/input/event9"
[    50.701] (II) libinput: USB Gaming Mouse Consumer Control: is a virtual subdevice
[    50.701] (**) Option "config_info" "udev:/sys/devices/pci0000:00/0000:00:14.0/usb2/2-4/2-4:1.2/0003:04D9:FC4F.0005/input/input9/event9"
[    50.701] (II) XINPUT: Adding extended input device "USB Gaming Mouse Consumer Control" (type: KEYBOARD, id 17)
[    50.701] (**) Option "xkb_model" "pc105"
[    50.701] (**) Option "xkb_layout" "fr"
[    50.701] (**) Option "xkb_options" "terminate:ctrl_alt_bksp"
[    50.701] (II) modeset(0): Disabling kernel dirty updates, not required.
[    52.557] (II) modeset(0): EDID vendor "SAM", prod id 2790
[    52.557] (II) modeset(0): Using EDID range info for horizontal sync
[    52.557] (II) modeset(0): Using EDID range info for vertical refresh
[    52.557] (II) modeset(0): Printing DDC gathered Modelines:
[    52.557] (II) modeset(0): Modeline "1366x768"x0.0   85.50  1366 1436 1579 1792  768 771 774 798 +hsync +vsync (47.7 kHz eP)
[    52.557] (II) modeset(0): Modeline "800x600"x0.0   40.00  800 840 968 1056  600 601 605 628 +hsync +vsync (37.9 kHz e)
[    52.557] (II) modeset(0): Modeline "800x600"x0.0   36.00  800 824 896 1024  600 601 603 625 +hsync +vsync (35.2 kHz e)
[    52.557] (II) modeset(0): Modeline "640x480"x0.0   31.50  640 656 720 840  480 481 484 500 -hsync -vsync (37.5 kHz e)
[    52.557] (II) modeset(0): Modeline "640x480"x0.0   31.50  640 664 704 832  480 489 492 520 -hsync -vsync (37.9 kHz e)
[    52.557] (II) modeset(0): Modeline "640x480"x0.0   30.24  640 704 768 864  480 483 486 525 -hsync -vsync (35.0 kHz e)
[    52.557] (II) modeset(0): Modeline "640x480"x0.0   25.18  640 656 752 800  480 490 492 525 -hsync -vsync (31.5 kHz e)
[    52.557] (II) modeset(0): Modeline "720x400"x0.0   28.32  720 738 846 900  400 412 414 449 -hsync +vsync (31.5 kHz e)
[    52.557] (II) modeset(0): Modeline "1024x768"x0.0   78.75  1024 1040 1136 1312  768 769 772 800 +hsync +vsync (60.0 kHz e)
[    52.557] (II) modeset(0): Modeline "1024x768"x0.0   75.00  1024 1048 1184 1328  768 771 777 806 -hsync -vsync (56.5 kHz e)
[    52.557] (II) modeset(0): Modeline "1024x768"x0.0   65.00  1024 1048 1184 1344  768 771 777 806 -hsync -vsync (48.4 kHz e)
[    52.557] (II) modeset(0): Modeline "832x624"x0.0   57.28  832 864 928 1152  624 625 628 667 -hsync -vsync (49.7 kHz e)
[    52.557] (II) modeset(0): Modeline "800x600"x0.0   49.50  800 816 896 1056  600 601 604 625 +hsync +vsync (46.9 kHz e)
[    52.557] (II) modeset(0): Modeline "800x600"x0.0   50.00  800 856 976 1040  600 637 643 666 +hsync +vsync (48.1 kHz e)
[    52.557] (II) modeset(0): Modeline "1280x720"x60.0   74.48  1280 1336 1472 1664  720 721 724 746 -hsync +vsync (44.8 kHz e)
[   197.721] (II) modeset(0): EDID vendor "SAM", prod id 2790
[   197.721] (II) modeset(0): Using hsync ranges from config file
[   197.721] (II) modeset(0): Using vrefresh ranges from config file
[   197.721] (II) modeset(0): Printing DDC gathered Modelines:
[   197.721] (II) modeset(0): Modeline "1366x768"x0.0   85.50  1366 1436 1579 1792  768 771 774 798 +hsync +vsync (47.7 kHz eP)
[   197.721] (II) modeset(0): Modeline "800x600"x0.0   40.00  800 840 968 1056  600 601 605 628 +hsync +vsync (37.9 kHz e)
[   197.721] (II) modeset(0): Modeline "800x600"x0.0   36.00  800 824 896 1024  600 601 603 625 +hsync +vsync (35.2 kHz e)
[   197.721] (II) modeset(0): Modeline "640x480"x0.0   31.50  640 656 720 840  480 481 484 500 -hsync -vsync (37.5 kHz e)
[   197.721] (II) modeset(0): Modeline "640x480"x0.0   31.50  640 664 704 832  480 489 492 520 -hsync -vsync (37.9 kHz e)
[   197.721] (II) modeset(0): Modeline "640x480"x0.0   30.24  640 704 768 864  480 483 486 525 -hsync -vsync (35.0 kHz e)
[   197.721] (II) modeset(0): Modeline "640x480"x0.0   25.18  640 656 752 800  480 490 492 525 -hsync -vsync (31.5 kHz e)
[   197.721] (II) modeset(0): Modeline "720x400"x0.0   28.32  720 738 846 900  400 412 414 449 -hsync +vsync (31.5 kHz e)
[   197.721] (II) modeset(0): Modeline "1024x768"x0.0   78.75  1024 1040 1136 1312  768 769 772 800 +hsync +vsync (60.0 kHz e)
[   197.721] (II) modeset(0): Modeline "1024x768"x0.0   75.00  1024 1048 1184 1328  768 771 777 806 -hsync -vsync (56.5 kHz e)
[   197.721] (II) modeset(0): Modeline "1024x768"x0.0   65.00  1024 1048 1184 1344  768 771 777 806 -hsync -vsync (48.4 kHz e)
[   197.721] (II) modeset(0): Modeline "832x624"x0.0   57.28  832 864 928 1152  624 625 628 667 -hsync -vsync (49.7 kHz e)
[   197.721] (II) modeset(0): Modeline "800x600"x0.0   49.50  800 816 896 1056  600 601 604 625 +hsync +vsync (46.9 kHz e)
[   197.721] (II) modeset(0): Modeline "800x600"x0.0   50.00  800 856 976 1040  600 637 643 666 +hsync +vsync (48.1 kHz e)
[   197.721] (II) modeset(0): Modeline "1280x720"x60.0   74.48  1280 1336 1472 1664  720 721 724 746 -hsync +vsync (44.8 kHz e)
[   202.465] (II) modeset(0): EDID vendor "SAM", prod id 2790
[   202.465] (II) modeset(0): Using hsync ranges from config file
[   202.465] (II) modeset(0): Using vrefresh ranges from config file
[   202.465] (II) modeset(0): Printing DDC gathered Modelines:
[   202.465] (II) modeset(0): Modeline "1366x768"x0.0   85.50  1366 1436 1579 1792  768 771 774 798 +hsync +vsync (47.7 kHz eP)
[   202.465] (II) modeset(0): Modeline "800x600"x0.0   40.00  800 840 968 1056  600 601 605 628 +hsync +vsync (37.9 kHz e)
[   202.465] (II) modeset(0): Modeline "800x600"x0.0   36.00  800 824 896 1024  600 601 603 625 +hsync +vsync (35.2 kHz e)
[   202.465] (II) modeset(0): Modeline "640x480"x0.0   31.50  640 656 720 840  480 481 484 500 -hsync -vsync (37.5 kHz e)
[   202.465] (II) modeset(0): Modeline "640x480"x0.0   31.50  640 664 704 832  480 489 492 520 -hsync -vsync (37.9 kHz e)
[   202.465] (II) modeset(0): Modeline "640x480"x0.0   30.24  640 704 768 864  480 483 486 525 -hsync -vsync (35.0 kHz e)
[   202.465] (II) modeset(0): Modeline "640x480"x0.0   25.18  640 656 752 800  480 490 492 525 -hsync -vsync (31.5 kHz e)
[   202.465] (II) modeset(0): Modeline "720x400"x0.0   28.32  720 738 846 900  400 412 414 449 -hsync +vsync (31.5 kHz e)
[   202.465] (II) modeset(0): Modeline "1024x768"x0.0   78.75  1024 1040 1136 1312  768 769 772 800 +hsync +vsync (60.0 kHz e)
[   202.465] (II) modeset(0): Modeline "1024x768"x0.0   75.00  1024 1048 1184 1328  768 771 777 806 -hsync -vsync (56.5 kHz e)
[   202.465] (II) modeset(0): Modeline "1024x768"x0.0   65.00  1024 1048 1184 1344  768 771 777 806 -hsync -vsync (48.4 kHz e)
[   202.465] (II) modeset(0): Modeline "832x624"x0.0   57.28  832 864 928 1152  624 625 628 667 -hsync -vsync (49.7 kHz e)
[   202.465] (II) modeset(0): Modeline "800x600"x0.0   49.50  800 816 896 1056  600 601 604 625 +hsync +vsync (46.9 kHz e)
[   202.465] (II) modeset(0): Modeline "800x600"x0.0   50.00  800 856 976 1040  600 637 643 666 +hsync +vsync (48.1 kHz e)
[   202.465] (II) modeset(0): Modeline "1280x720"x60.0   74.48  1280 1336 1472 1664  720 721 724 746 -hsync +vsync (44.8 kHz e)
[  1165.616] (**) Option "fd" "25"
[  1165.616] (II) event1  - Power Button: device removed
[  1165.616] (**) Option "fd" "28"
[  1165.616] (II) event0  - Power Button: device removed
[  1165.617] (**) Option "fd" "29"
[  1165.617] (II) event2  - SINO WEALTH Gaming KB : device removed
[  1165.617] (**) Option "fd" "30"
[  1165.617] (II) event3  - SINO WEALTH Gaming KB  System Control: device removed
[  1165.617] (**) Option "fd" "31"
[  1165.617] (**) Option "fd" "32"
[  1165.617] (II) event5  - SINO WEALTH Gaming KB  Keyboard: device removed
[  1165.618] (**) Option "fd" "33"
[  1165.618] (II) event6  - SINO WEALTH Gaming KB  Mouse: device removed
[  1165.618] (**) Option "fd" "34"
[  1165.618] (II) event7  - USB Gaming Mouse: device removed
[  1165.618] (**) Option "fd" "35"
[  1165.618] (II) event8  - USB Gaming Mouse: device removed
[  1165.618] (**) Option "fd" "36"
[  1165.618] (**) Option "fd" "31"
[  1165.619] (II) event4  - SINO WEALTH Gaming KB  Consumer Control: device removed
[  1165.619] (**) Option "fd" "36"
[  1165.619] (II) event9  - USB Gaming Mouse Consumer Control: device removed
[  1165.619] (II) AIGLX: Suspending AIGLX clients for VT switch
[  1165.652] (II) systemd-logind: got pause for 13:65
[  1165.652] (II) systemd-logind: got pause for 13:66
[  1165.653] (II) systemd-logind: got pause for 13:70
[  1165.653] (II) systemd-logind: got pause for 13:68
[  1165.653] (II) systemd-logind: got pause for 13:72
[  1165.653] (II) systemd-logind: got pause for 13:73
[  1165.653] (II) systemd-logind: got pause for 13:67
[  1165.653] (II) systemd-logind: got pause for 13:69
[  1165.653] (II) systemd-logind: got pause for 13:71
[  1165.653] (II) systemd-logind: got pause for 13:64
[  1190.885] (II) UnloadModule: "libinput"
[  1190.885] (II) systemd-logind: not releasing fd for 13:73, still in use
[  1190.885] (II) UnloadModule: "libinput"
[  1190.885] (II) systemd-logind: not releasing fd for 13:68, still in use
[  1190.885] (II) UnloadModule: "libinput"
[  1190.885] (II) systemd-logind: releasing fd for 13:73
[  1190.893] (II) UnloadModule: "libinput"
[  1190.893] (II) systemd-logind: releasing fd for 13:72
[  1190.899] (II) UnloadModule: "libinput"
[  1190.899] (II) systemd-logind: releasing fd for 13:71
[  1190.912] (II) UnloadModule: "libinput"
[  1190.912] (II) systemd-logind: releasing fd for 13:70
[  1190.932] (II) UnloadModule: "libinput"
[  1190.932] (II) systemd-logind: releasing fd for 13:69
[  1190.938] (II) UnloadModule: "libinput"
[  1190.938] (II) systemd-logind: releasing fd for 13:68
[  1190.947] (II) UnloadModule: "libinput"
[  1190.947] (II) systemd-logind: releasing fd for 13:67
[  1190.952] (II) UnloadModule: "libinput"
[  1190.952] (II) systemd-logind: releasing fd for 13:66
[  1190.958] (II) UnloadModule: "libinput"
[  1190.958] (II) systemd-logind: releasing fd for 13:64
[  1190.968] (II) UnloadModule: "libinput"
[  1190.968] (II) systemd-logind: releasing fd for 13:65
[  1190.979] (II) Server terminated successfully (0). Closing log file.
