[   274.825] 
X.Org X Server 1.21.1.18
X Protocol Version 11, Revision 0
[   274.825] Current Operating System: Linux archlinux 6.16.1-arch1-1 #1 SMP PREEMPT_DYNAMIC Fri, 15 Aug 2025 16:04:43 +0000 x86_64
[   274.825] Kernel command line: BOOT_IMAGE=/vmlinuz-linux root=UUID=d82548cf-b27a-4161-add2-469537269986 rw zswap.enabled=0 rootfstype=ext4 loglevel=3 quiet
[   274.825]  
[   274.825] Current version of pixman: 0.46.4
[   274.825] 	Before reporting problems, check http://wiki.x.org
	to make sure that you have the latest version.
[   274.825] Markers: (--) probed, (**) from config file, (==) default setting,
	(++) from command line, (!!) notice, (II) informational,
	(WW) warning, (EE) error, (NI) not implemented, (??) unknown.
[   274.825] (==) Log file: "/home/m1sk/.local/share/xorg/Xorg.1.log", Time: Wed Aug 20 23:04:00 2025
[   274.826] (==) Using config directory: "/etc/X11/xorg.conf.d"
[   274.826] (==) Using system config directory "/usr/share/X11/xorg.conf.d"
[   274.826] (==) No Layout section.  Using the first Screen section.
[   274.826] (==) No screen section available. Using defaults.
[   274.826] (**) |-->Screen "Default Screen Section" (0)
[   274.826] (**) |   |-->Monitor "<default monitor>"
[   274.826] (==) No monitor specified for screen "Default Screen Section".
	Using a default monitor configuration.
[   274.826] (**) Allowing byte-swapped clients
[   274.826] (==) Automatically adding devices
[   274.826] (==) Automatically enabling devices
[   274.826] (==) Automatically adding GPU devices
[   274.826] (==) Automatically binding GPU devices
[   274.826] (==) Max clients allowed: 256, resource mask: 0x1fffff
[   274.826] (WW) The directory "/usr/share/fonts/misc" does not exist.
[   274.826] 	Entry deleted from font path.
[   274.826] (WW) `fonts.dir' not found (or not valid) in "/usr/share/fonts/TTF".
[   274.826] 	Entry deleted from font path.
[   274.826] 	(Run 'mkfontdir' on "/usr/share/fonts/TTF").
[   274.826] (WW) The directory "/usr/share/fonts/OTF" does not exist.
[   274.826] 	Entry deleted from font path.
[   274.826] (WW) The directory "/usr/share/fonts/Type1" does not exist.
[   274.826] 	Entry deleted from font path.
[   274.826] (WW) The directory "/usr/share/fonts/100dpi" does not exist.
[   274.826] 	Entry deleted from font path.
[   274.826] (WW) The directory "/usr/share/fonts/75dpi" does not exist.
[   274.826] 	Entry deleted from font path.
[   274.826] (==) FontPath set to:
	
[   274.826] (==) ModulePath set to "/usr/lib/xorg/modules"
[   274.826] (II) The server relies on udev to provide the list of input devices.
	If no devices become available, reconfigure udev or disable AutoAddDevices.
[   274.826] (II) Module ABI versions:
[   274.826] 	X.Org ANSI C Emulation: 0.4
[   274.826] 	X.Org Video Driver: 25.2
[   274.826] 	X.Org XInput driver : 24.4
[   274.826] 	X.Org Server Extension : 10.0
[   274.827] (++) using VT number 4

[   274.829] (II) systemd-logind: took control of session /org/freedesktop/login1/session/_32
[   274.830] (II) xfree86: Adding drm device (/dev/dri/card0)
[   274.830] (II) Platform probe for /sys/devices/pci0000:00/0000:00:01.0/0000:01:00.0/drm/card0
[   274.831] (II) systemd-logind: got fd for /dev/dri/card0 226:0 fd 13 paused 0
[   274.832] (--) PCI:*(1@0:0:0) 10de:1380:1acc:75a2 rev 162, Mem @ 0xf6000000/16777216, 0xe0000000/268435456, 0xf0000000/33554432, I/O @ 0x0000e000/128, BIOS @ 0x????????/131072
[   274.832] (II) LoadModule: "glx"
[   274.832] (II) Loading /usr/lib/xorg/modules/extensions/libglx.so
[   274.834] (II) Module glx: vendor="X.Org Foundation"
[   274.834] 	compiled for 1.21.1.18, module version = 1.0.0
[   274.834] 	ABI class: X.Org Server Extension, version 10.0
[   274.834] (==) Matched nouveau as autoconfigured driver 0
[   274.834] (==) Matched nv as autoconfigured driver 1
[   274.834] (==) Matched modesetting as autoconfigured driver 2
[   274.834] (==) Matched fbdev as autoconfigured driver 3
[   274.834] (==) Matched vesa as autoconfigured driver 4
[   274.834] (==) Assigned the driver to the xf86ConfigLayout
[   274.834] (II) LoadModule: "nouveau"
[   274.834] (WW) Warning, couldn't open module nouveau
[   274.834] (EE) Failed to load module "nouveau" (module does not exist, 0)
[   274.834] (II) LoadModule: "nv"
[   274.834] (WW) Warning, couldn't open module nv
[   274.834] (EE) Failed to load module "nv" (module does not exist, 0)
[   274.834] (II) LoadModule: "modesetting"
[   274.834] (II) Loading /usr/lib/xorg/modules/drivers/modesetting_drv.so
[   274.834] (II) Module modesetting: vendor="X.Org Foundation"
[   274.834] 	compiled for 1.21.1.18, module version = 1.21.1
[   274.834] 	Module class: X.Org Video Driver
[   274.834] 	ABI class: X.Org Video Driver, version 25.2
[   274.834] (II) LoadModule: "fbdev"
[   274.834] (WW) Warning, couldn't open module fbdev
[   274.834] (EE) Failed to load module "fbdev" (module does not exist, 0)
[   274.834] (II) LoadModule: "vesa"
[   274.834] (WW) Warning, couldn't open module vesa
[   274.834] (EE) Failed to load module "vesa" (module does not exist, 0)
[   274.834] (II) modesetting: Driver for Modesetting Kernel Drivers: kms
[   274.834] (II) modeset(0): using drv /dev/dri/card0
[   274.834] (WW) VGA arbiter: cannot open kernel arbiter, no multi-card support
[   274.835] (II) modeset(0): Creating default Display subsection in Screen section
	"Default Screen Section" for depth/fbbpp 24/32
[   274.835] (==) modeset(0): Depth 24, (==) framebuffer bpp 32
[   274.835] (==) modeset(0): RGB weight 888
[   274.835] (==) modeset(0): Default visual is TrueColor
[   274.835] (II) Loading sub module "glamoregl"
[   274.835] (II) LoadModule: "glamoregl"
[   274.835] (II) Loading /usr/lib/xorg/modules/libglamoregl.so
[   274.838] (II) Module glamoregl: vendor="X.Org Foundation"
[   274.838] 	compiled for 1.21.1.18, module version = 1.0.1
[   274.838] 	ABI class: X.Org ANSI C Emulation, version 0.4
[   275.057] (II) modeset(0): glamor X acceleration enabled on NV117
[   275.057] (II) modeset(0): glamor initialized
[   275.057] (==) modeset(0): VariableRefresh: disabled
[   275.057] (==) modeset(0): AsyncFlipSecondaries: disabled
[   275.057] (II) modeset(0): Output DVI-I-1 has no monitor section
[   275.092] (II) modeset(0): Output VGA-1 has no monitor section
[   275.092] (II) modeset(0): Output HDMI-1 has no monitor section
[   275.092] (II) modeset(0): EDID for output DVI-I-1
[   275.126] (II) modeset(0): EDID for output VGA-1
[   275.126] (II) modeset(0): Manufacturer: SAM  Model: ae6  Serial#: 808464435
[   275.126] (II) modeset(0): Year: 2014  Week: 8
[   275.126] (II) modeset(0): EDID Version: 1.3
[   275.126] (II) modeset(0): Analog Display Input,  Input Voltage Level: 0.700/0.300 V
[   275.126] (II) modeset(0): Sync:  Separate  Composite  SyncOnGreen
[   275.126] (II) modeset(0): Max Image Size [cm]: horiz.: 41  vert.: 23
[   275.126] (II) modeset(0): Gamma: 2.20
[   275.126] (II) modeset(0): DPMS capabilities: Off; RGB/Color Display
[   275.126] (II) modeset(0): First detailed timing is preferred mode
[   275.126] (II) modeset(0): redX: 0.634 redY: 0.351   greenX: 0.334 greenY: 0.605
[   275.126] (II) modeset(0): blueX: 0.146 blueY: 0.059   whiteX: 0.312 whiteY: 0.329
[   275.126] (II) modeset(0): Supported established timings:
[   275.126] (II) modeset(0): 720x400@70Hz
[   275.126] (II) modeset(0): 640x480@60Hz
[   275.126] (II) modeset(0): 640x480@67Hz
[   275.126] (II) modeset(0): 640x480@72Hz
[   275.126] (II) modeset(0): 640x480@75Hz
[   275.126] (II) modeset(0): 800x600@56Hz
[   275.126] (II) modeset(0): 800x600@60Hz
[   275.126] (II) modeset(0): 800x600@72Hz
[   275.126] (II) modeset(0): 800x600@75Hz
[   275.126] (II) modeset(0): 832x624@75Hz
[   275.126] (II) modeset(0): 1024x768@60Hz
[   275.126] (II) modeset(0): 1024x768@70Hz
[   275.126] (II) modeset(0): 1024x768@75Hz
[   275.126] (II) modeset(0): Manufacturer's mask: 0
[   275.126] (II) modeset(0): Supported standard timings:
[   275.126] (II) modeset(0): #0: hsize: 1280  vsize 720  refresh: 60  vid: 49281
[   275.126] (II) modeset(0): Supported detailed timing:
[   275.126] (II) modeset(0): clock: 85.5 MHz   Image Size:  410 x 230 mm
[   275.126] (II) modeset(0): h_active: 1366  h_sync: 1436  h_sync_end 1579 h_blank_end 1792 h_border: 0
[   275.126] (II) modeset(0): v_active: 768  v_sync: 771  v_sync_end 774 v_blanking: 798 v_border: 0
[   275.126] (II) modeset(0): Ranges: V min: 56 V max: 75 Hz, H min: 30 H max: 81 kHz, PixClock max 95 MHz
[   275.126] (II) modeset(0): Monitor name: S19C150
[   275.126] (II) modeset(0): Serial No: HKEF200492
[   275.126] (II) modeset(0): EDID (in hex):
[   275.126] (II) modeset(0): 	00ffffffffffff004c2de60a33303030
[   275.126] (II) modeset(0): 	081801030e2917782a7841a259559b25
[   275.126] (II) modeset(0): 	0f5054bfee0081c00101010101010101
[   275.126] (II) modeset(0): 	010101010101662156aa51001e30468f
[   275.126] (II) modeset(0): 	33009ae61000001e000000fd00384b1e
[   275.126] (II) modeset(0): 	5109000a202020202020000000fc0053
[   275.126] (II) modeset(0): 	3139433135300a2020202020000000ff
[   275.126] (II) modeset(0): 	00484b45463230303439320a202000dc
[   275.126] (II) modeset(0): Not using default mode "800x600" (bad mode clock/interlace/doublescan)
[   275.126] (II) modeset(0): Not using default mode "896x672" (bad mode clock/interlace/doublescan)
[   275.126] (II) modeset(0): Not using default mode "896x672" (bad mode clock/interlace/doublescan)
[   275.126] (II) modeset(0): Not using default mode "928x696" (bad mode clock/interlace/doublescan)
[   275.126] (II) modeset(0): Not using default mode "928x696" (bad mode clock/interlace/doublescan)
[   275.126] (II) modeset(0): Not using default mode "960x720" (bad mode clock/interlace/doublescan)
[   275.126] (II) modeset(0): Not using default mode "960x720" (bad mode clock/interlace/doublescan)
[   275.126] (II) modeset(0): Not using default mode "1024x768" (bad mode clock/interlace/doublescan)
[   275.126] (II) modeset(0): Not using default mode "1024x768" (bad mode clock/interlace/doublescan)
[   275.126] (II) modeset(0): Not using default mode "1024x576" (bad mode clock/interlace/doublescan)
[   275.126] (II) modeset(0): Not using default mode "1280x720" (bad mode clock/interlace/doublescan)
[   275.126] (II) modeset(0): Not using default mode "1280x720" (bad mode clock/interlace/doublescan)
[   275.126] (II) modeset(0): Not using default mode "960x600" (bad mode clock/interlace/doublescan)
[   275.126] (II) modeset(0): Printing probed modes for output VGA-1
[   275.126] (II) modeset(0): Modeline "1366x768"x59.8   85.50  1366 1436 1579 1792  768 771 774 798 +hsync +vsync (47.7 kHz eP)
[   275.126] (II) modeset(0): Modeline "1280x720"x59.9   74.50  1280 1344 1472 1664  720 723 728 748 -hsync +vsync (44.8 kHz d)
[   275.126] (II) modeset(0): Modeline "1280x720"x60.0   74.25  1280 1390 1430 1650  720 725 730 750 +hsync +vsync (45.0 kHz e)
[   275.126] (II) modeset(0): Modeline "1280x720"x59.7   63.75  1280 1328 1360 1440  720 723 728 741 +hsync -vsync (44.3 kHz d)
[   275.126] (II) modeset(0): Modeline "1024x768"x75.0   78.75  1024 1040 1136 1312  768 769 772 800 +hsync +vsync (60.0 kHz e)
[   275.126] (II) modeset(0): Modeline "1024x768"x70.1   75.00  1024 1048 1184 1328  768 771 777 806 -hsync -vsync (56.5 kHz e)
[   275.126] (II) modeset(0): Modeline "1024x768"x60.0   65.00  1024 1048 1184 1344  768 771 777 806 -hsync -vsync (48.4 kHz e)
[   275.126] (II) modeset(0): Modeline "1024x576"x60.0   78.38  1024 1048 1064 1104  576 577 580 592 doublescan +hsync -vsync (71.0 kHz d)
[   275.126] (II) modeset(0): Modeline "1024x576"x59.9   46.50  1024 1064 1160 1296  576 579 584 599 -hsync +vsync (35.9 kHz d)
[   275.126] (II) modeset(0): Modeline "1024x576"x59.8   42.00  1024 1072 1104 1184  576 579 584 593 +hsync -vsync (35.5 kHz d)
[   275.126] (II) modeset(0): Modeline "960x600"x60.0   77.00  960 984 1000 1040  600 601 604 617 doublescan +hsync -vsync (74.0 kHz d)
[   275.126] (II) modeset(0): Modeline "832x624"x74.6   57.28  832 864 928 1152  624 625 628 667 -hsync -vsync (49.7 kHz e)
[   275.126] (II) modeset(0): Modeline "960x540"x60.0   86.50  960 1024 1124 1288  540 541 544 560 doublescan -hsync +vsync (67.2 kHz d)
[   275.126] (II) modeset(0): Modeline "960x540"x60.0   69.25  960 984 1000 1040  540 541 544 555 doublescan +hsync -vsync (66.6 kHz d)
[   275.126] (II) modeset(0): Modeline "960x540"x59.6   40.75  960 992 1088 1216  540 543 548 562 -hsync +vsync (33.5 kHz d)
[   275.126] (II) modeset(0): Modeline "960x540"x59.8   37.25  960 1008 1040 1120  540 543 548 556 +hsync -vsync (33.3 kHz d)
[   275.126] (II) modeset(0): Modeline "800x600"x70.0   94.50  800 832 928 1080  600 600 602 625 doublescan +hsync +vsync (87.5 kHz d)
[   275.126] (II) modeset(0): Modeline "800x600"x65.0   87.75  800 832 928 1080  600 600 602 625 doublescan +hsync +vsync (81.2 kHz d)
[   275.126] (II) modeset(0): Modeline "800x600"x60.0   81.00  800 832 928 1080  600 600 602 625 doublescan +hsync +vsync (75.0 kHz d)
[   275.126] (II) modeset(0): Modeline "800x600"x72.2   50.00  800 856 976 1040  600 637 643 666 +hsync +vsync (48.1 kHz e)
[   275.126] (II) modeset(0): Modeline "800x600"x75.0   49.50  800 816 896 1056  600 601 604 625 +hsync +vsync (46.9 kHz e)
[   275.126] (II) modeset(0): Modeline "800x600"x60.3   40.00  800 840 968 1056  600 601 605 628 +hsync +vsync (37.9 kHz e)
[   275.126] (II) modeset(0): Modeline "800x600"x56.2   36.00  800 824 896 1024  600 601 603 625 +hsync +vsync (35.2 kHz e)
[   275.126] (II) modeset(0): Modeline "840x525"x60.0   73.12  840 892 980 1120  525 526 529 544 doublescan -hsync +vsync (65.3 kHz d)
[   275.126] (II) modeset(0): Modeline "840x525"x59.9   59.50  840 864 880 920  525 526 529 540 doublescan +hsync -vsync (64.7 kHz d)
[   275.126] (II) modeset(0): Modeline "864x486"x59.9   32.50  864 888 968 1072  486 489 494 506 -hsync +vsync (30.3 kHz d)
[   275.126] (II) modeset(0): Modeline "864x486"x59.6   30.50  864 912 944 1024  486 489 494 500 +hsync -vsync (29.8 kHz d)
[   275.127] (II) modeset(0): Modeline "700x525"x74.8   77.90  700 732 892 956  525 526 532 545 doublescan +hsync +vsync (81.5 kHz d)
[   275.127] (II) modeset(0): Modeline "700x525"x60.0   61.00  700 744 820 940  525 526 532 541 doublescan +hsync +vsync (64.9 kHz d)
[   275.127] (II) modeset(0): Modeline "800x450"x59.9   59.12  800 848 928 1056  450 451 454 467 doublescan -hsync +vsync (56.0 kHz d)
[   275.127] (II) modeset(0): Modeline "800x450"x59.8   48.75  800 824 840 880  450 451 454 463 doublescan +hsync -vsync (55.4 kHz d)
[   275.127] (II) modeset(0): Modeline "640x512"x75.0   67.50  640 648 720 844  512 512 514 533 doublescan +hsync +vsync (80.0 kHz d)
[   275.127] (II) modeset(0): Modeline "640x512"x60.0   54.00  640 664 720 844  512 512 514 533 doublescan +hsync +vsync (64.0 kHz d)
[   275.127] (II) modeset(0): Modeline "700x450"x60.0   51.75  700 740 812 924  450 451 456 467 doublescan -hsync +vsync (56.0 kHz d)
[   275.127] (II) modeset(0): Modeline "700x450"x59.9   43.25  700 724 740 780  450 451 456 463 doublescan +hsync -vsync (55.4 kHz d)
[   275.127] (II) modeset(0): Modeline "640x480"x60.0   54.00  640 688 744 900  480 480 482 500 doublescan +hsync +vsync (60.0 kHz d)
[   275.127] (II) modeset(0): Modeline "640x480"x75.0   31.50  640 656 720 840  480 481 484 500 -hsync -vsync (37.5 kHz e)
[   275.127] (II) modeset(0): Modeline "640x480"x72.8   31.50  640 664 704 832  480 489 492 520 -hsync -vsync (37.9 kHz e)
[   275.127] (II) modeset(0): Modeline "640x480"x75.0   31.50  640 656 720 840  480 481 484 500 -hsync -vsync (37.5 kHz d)
[   275.127] (II) modeset(0): Modeline "640x480"x66.7   30.24  640 704 768 864  480 483 486 525 -hsync -vsync (35.0 kHz e)
[   275.127] (II) modeset(0): Modeline "640x480"x59.9   25.18  640 656 752 800  480 490 492 525 -hsync -vsync (31.5 kHz e)
[   275.127] (II) modeset(0): Modeline "720x405"x59.5   22.50  720 744 808 896  405 408 413 422 -hsync +vsync (25.1 kHz d)
[   275.127] (II) modeset(0): Modeline "720x405"x59.0   21.75  720 768 800 880  405 408 413 419 +hsync -vsync (24.7 kHz d)
[   275.127] (II) modeset(0): Modeline "720x400"x70.1   28.32  720 738 846 900  400 412 414 449 -hsync +vsync (31.5 kHz e)
[   275.127] (II) modeset(0): Modeline "684x384"x59.9   42.62  684 720 788 892  384 385 390 399 doublescan -hsync +vsync (47.8 kHz d)
[   275.127] (II) modeset(0): Modeline "684x384"x59.9   36.12  684 708 724 764  384 385 390 395 doublescan +hsync -vsync (47.3 kHz d)
[   275.127] (II) modeset(0): Modeline "640x400"x59.9   41.75  640 676 740 840  400 401 404 415 doublescan -hsync +vsync (49.7 kHz d)
[   275.127] (II) modeset(0): Modeline "640x400"x60.0   35.50  640 664 680 720  400 401 404 411 doublescan +hsync -vsync (49.3 kHz d)
[   275.127] (II) modeset(0): Modeline "576x432"x75.0   54.00  576 608 672 800  432 432 434 450 doublescan +hsync +vsync (67.5 kHz d)
[   275.127] (II) modeset(0): Modeline "640x360"x59.9   37.25  640 672 736 832  360 361 364 374 doublescan -hsync +vsync (44.8 kHz d)
[   275.127] (II) modeset(0): Modeline "640x360"x59.8   31.88  640 664 680 720  360 361 364 370 doublescan +hsync -vsync (44.3 kHz d)
[   275.127] (II) modeset(0): Modeline "640x360"x59.8   18.00  640 664 720 800  360 363 368 376 -hsync +vsync (22.5 kHz d)
[   275.127] (II) modeset(0): Modeline "640x360"x59.3   17.75  640 688 720 800  360 363 368 374 +hsync -vsync (22.2 kHz d)
[   275.127] (II) modeset(0): Modeline "512x384"x75.0   39.38  512 520 568 656  384 384 386 400 doublescan +hsync +vsync (60.0 kHz d)
[   275.127] (II) modeset(0): Modeline "512x384"x70.1   37.50  512 524 592 664  384 385 388 403 doublescan -hsync -vsync (56.5 kHz d)
[   275.127] (II) modeset(0): Modeline "512x384"x60.0   32.50  512 524 592 672  384 385 388 403 doublescan -hsync -vsync (48.4 kHz d)
[   275.127] (II) modeset(0): Modeline "512x288"x60.0   23.25  512 532 580 648  288 289 292 299 doublescan -hsync +vsync (35.9 kHz d)
[   275.127] (II) modeset(0): Modeline "512x288"x59.9   21.00  512 536 552 592  288 289 292 296 doublescan +hsync -vsync (35.5 kHz d)
[   275.127] (II) modeset(0): Modeline "416x312"x74.7   28.64  416 432 464 576  312 312 314 333 doublescan -hsync -vsync (49.7 kHz d)
[   275.127] (II) modeset(0): Modeline "480x270"x59.6   20.38  480 496 544 608  270 271 274 281 doublescan -hsync +vsync (33.5 kHz d)
[   275.127] (II) modeset(0): Modeline "480x270"x59.8   18.62  480 504 520 560  270 271 274 278 doublescan +hsync -vsync (33.3 kHz d)
[   275.127] (II) modeset(0): Modeline "400x300"x72.2   25.00  400 428 488 520  300 318 321 333 doublescan +hsync +vsync (48.1 kHz d)
[   275.127] (II) modeset(0): Modeline "400x300"x75.1   24.75  400 408 448 528  300 300 302 312 doublescan +hsync +vsync (46.9 kHz d)
[   275.127] (II) modeset(0): Modeline "400x300"x60.3   20.00  400 420 484 528  300 300 302 314 doublescan +hsync +vsync (37.9 kHz d)
[   275.127] (II) modeset(0): Modeline "400x300"x56.3   18.00  400 412 448 512  300 300 301 312 doublescan +hsync +vsync (35.2 kHz d)
[   275.127] (II) modeset(0): Modeline "432x243"x59.9   16.25  432 444 484 536  243 244 247 253 doublescan -hsync +vsync (30.3 kHz d)
[   275.127] (II) modeset(0): Modeline "432x243"x59.6   15.25  432 456 472 512  243 244 247 250 doublescan +hsync -vsync (29.8 kHz d)
[   275.127] (II) modeset(0): Modeline "320x240"x72.8   15.75  320 332 352 416  240 244 246 260 doublescan -hsync -vsync (37.9 kHz d)
[   275.127] (II) modeset(0): Modeline "320x240"x75.0   15.75  320 328 360 420  240 240 242 250 doublescan -hsync -vsync (37.5 kHz d)
[   275.127] (II) modeset(0): Modeline "320x240"x60.1   12.59  320 328 376 400  240 245 246 262 doublescan -hsync -vsync (31.5 kHz d)
[   275.127] (II) modeset(0): Modeline "360x202"x59.5   11.25  360 372 404 448  202 204 206 211 doublescan -hsync +vsync (25.1 kHz d)
[   275.127] (II) modeset(0): Modeline "360x202"x59.1   10.88  360 384 400 440  202 204 206 209 doublescan +hsync -vsync (24.7 kHz d)
[   275.127] (II) modeset(0): Modeline "320x180"x59.8    9.00  320 332 360 400  180 181 184 188 doublescan -hsync +vsync (22.5 kHz d)
[   275.127] (II) modeset(0): Modeline "320x180"x59.3    8.88  320 344 360 400  180 181 184 187 doublescan +hsync -vsync (22.2 kHz d)
[   275.127] (II) modeset(0): EDID for output HDMI-1
[   275.127] (II) modeset(0): Output DVI-I-1 disconnected
[   275.127] (II) modeset(0): Output VGA-1 connected
[   275.127] (II) modeset(0): Output HDMI-1 disconnected
[   275.127] (II) modeset(0): Using exact sizes for initial modes
[   275.127] (II) modeset(0): Output VGA-1 using initial mode 1366x768 +0+0
[   275.127] (==) modeset(0): Using gamma correction (1.0, 1.0, 1.0)
[   275.127] (==) modeset(0): DPI set to (96, 96)
[   275.127] (II) Loading sub module "fb"
[   275.127] (II) LoadModule: "fb"
[   275.127] (II) Module "fb" already built-in
[   275.261] (==) modeset(0): Backing store enabled
[   275.261] (==) modeset(0): Silken mouse enabled
[   275.261] (II) modeset(0): Initializing kms color map for depth 24, 8 bpc.
[   275.261] (==) modeset(0): DPMS enabled
[   275.261] (II) modeset(0): [DRI2] Setup complete
[   275.261] (II) modeset(0): [DRI2]   DRI driver: nouveau
[   275.261] (II) modeset(0): [DRI2]   VDPAU driver: nouveau
[   275.261] (II) Initializing extension Generic Event Extension
[   275.261] (II) Initializing extension SHAPE
[   275.261] (II) Initializing extension MIT-SHM
[   275.261] (II) Initializing extension XInputExtension
[   275.261] (II) Initializing extension XTEST
[   275.262] (II) Initializing extension BIG-REQUESTS
[   275.262] (II) Initializing extension SYNC
[   275.262] (II) Initializing extension XKEYBOARD
[   275.262] (II) Initializing extension XC-MISC
[   275.262] (II) Initializing extension SECURITY
[   275.262] (II) Initializing extension XFIXES
[   275.262] (II) Initializing extension RENDER
[   275.262] (II) Initializing extension RANDR
[   275.262] (II) Initializing extension COMPOSITE
[   275.262] (II) Initializing extension DAMAGE
[   275.262] (II) Initializing extension MIT-SCREEN-SAVER
[   275.262] (II) Initializing extension DOUBLE-BUFFER
[   275.262] (II) Initializing extension RECORD
[   275.263] (II) Initializing extension DPMS
[   275.263] (II) Initializing extension Present
[   275.263] (II) Initializing extension DRI3
[   275.263] (II) Initializing extension X-Resource
[   275.263] (II) Initializing extension XVideo
[   275.263] (II) Initializing extension XVideo-MotionCompensation
[   275.263] (II) Initializing extension GLX
[   275.268] (II) AIGLX: Loaded and initialized nouveau
[   275.268] (II) GLX: Initialized DRI2 GL provider for screen 0
[   275.268] (II) Initializing extension XFree86-VidModeExtension
[   275.268] (II) Initializing extension XFree86-DGA
[   275.268] (II) Initializing extension XFree86-DRI
[   275.268] (II) Initializing extension DRI2
[   275.268] (II) modeset(0): Damage tracking initialized
[   275.268] (II) modeset(0): Setting screen physical size to 361 x 203
[   275.312] (II) config/udev: Adding input device Power Button (/dev/input/event1)
[   275.312] (**) Power Button: Applying InputClass "libinput keyboard catchall"
[   275.312] (**) Power Button: Applying InputClass "system-keyboard"
[   275.312] (II) LoadModule: "libinput"
[   275.312] (II) Loading /usr/lib/xorg/modules/input/libinput_drv.so
[   275.314] (II) Module libinput: vendor="X.Org Foundation"
[   275.314] 	compiled for 1.21.1.13, module version = 1.5.0
[   275.314] 	Module class: X.Org XInput Driver
[   275.314] 	ABI class: X.Org XInput driver, version 24.4
[   275.314] (II) Using input driver 'libinput' for 'Power Button'
[   275.314] (II) systemd-logind: got fd for /dev/input/event1 13:65 fd 25 paused 0
[   275.314] (**) Power Button: always reports core events
[   275.314] (**) Option "Device" "/dev/input/event1"
[   275.316] (II) event1  - Power Button: is tagged by udev as: Keyboard
[   275.316] (II) event1  - Power Button: device is a keyboard
[   275.316] (II) event1  - Power Button: device removed
[   275.316] (**) Option "config_info" "udev:/sys/devices/LNXSYSTM:00/LNXPWRBN:00/input/input1/event1"
[   275.316] (II) XINPUT: Adding extended input device "Power Button" (type: KEYBOARD, id 6)
[   275.316] (**) Option "xkb_model" "pc105"
[   275.316] (**) Option "xkb_layout" "fr"
[   275.316] (**) Option "xkb_options" "terminate:ctrl_alt_bksp"
[   275.334] (II) event1  - Power Button: is tagged by udev as: Keyboard
[   275.334] (II) event1  - Power Button: device is a keyboard
[   275.334] (II) config/udev: Adding input device Power Button (/dev/input/event0)
[   275.334] (**) Power Button: Applying InputClass "libinput keyboard catchall"
[   275.334] (**) Power Button: Applying InputClass "system-keyboard"
[   275.334] (II) Using input driver 'libinput' for 'Power Button'
[   275.335] (II) systemd-logind: got fd for /dev/input/event0 13:64 fd 28 paused 0
[   275.335] (**) Power Button: always reports core events
[   275.335] (**) Option "Device" "/dev/input/event0"
[   275.336] (II) event0  - Power Button: is tagged by udev as: Keyboard
[   275.336] (II) event0  - Power Button: device is a keyboard
[   275.336] (II) event0  - Power Button: device removed
[   275.336] (**) Option "config_info" "udev:/sys/devices/LNXSYSTM:00/LNXSYBUS:00/PNP0C0C:00/input/input0/event0"
[   275.336] (II) XINPUT: Adding extended input device "Power Button" (type: KEYBOARD, id 7)
[   275.336] (**) Option "xkb_model" "pc105"
[   275.336] (**) Option "xkb_layout" "fr"
[   275.336] (**) Option "xkb_options" "terminate:ctrl_alt_bksp"
[   275.336] (II) event0  - Power Button: is tagged by udev as: Keyboard
[   275.336] (II) event0  - Power Button: device is a keyboard
[   275.337] (II) config/udev: Adding input device HDA NVidia HDMI/DP,pcm=3 (/dev/input/event12)
[   275.337] (II) No input driver specified, ignoring this device.
[   275.337] (II) This device may have been added with another device file.
[   275.337] (II) config/udev: Adding input device HDA NVidia HDMI/DP,pcm=7 (/dev/input/event13)
[   275.337] (II) No input driver specified, ignoring this device.
[   275.337] (II) This device may have been added with another device file.
[   275.337] (II) config/udev: Adding input device HDA NVidia HDMI/DP,pcm=8 (/dev/input/event14)
[   275.337] (II) No input driver specified, ignoring this device.
[   275.337] (II) This device may have been added with another device file.
[   275.338] (II) config/udev: Adding input device HDA NVidia HDMI/DP,pcm=9 (/dev/input/event15)
[   275.338] (II) No input driver specified, ignoring this device.
[   275.338] (II) This device may have been added with another device file.
[   275.338] (II) config/udev: Adding input device SINO WEALTH Gaming KB  (/dev/input/event2)
[   275.338] (**) SINO WEALTH Gaming KB : Applying InputClass "libinput keyboard catchall"
[   275.338] (**) SINO WEALTH Gaming KB : Applying InputClass "system-keyboard"
[   275.338] (II) Using input driver 'libinput' for 'SINO WEALTH Gaming KB '
[   275.339] (II) systemd-logind: got fd for /dev/input/event2 13:66 fd 29 paused 0
[   275.339] (**) SINO WEALTH Gaming KB : always reports core events
[   275.339] (**) Option "Device" "/dev/input/event2"
[   275.340] (II) event2  - SINO WEALTH Gaming KB : is tagged by udev as: Keyboard
[   275.340] (II) event2  - SINO WEALTH Gaming KB : device is a keyboard
[   275.340] (II) event2  - SINO WEALTH Gaming KB : device removed
[   275.340] (**) Option "config_info" "udev:/sys/devices/pci0000:00/0000:00:14.0/usb2/2-3/2-3:1.0/0003:258A:002A.0001/input/input2/event2"
[   275.340] (II) XINPUT: Adding extended input device "SINO WEALTH Gaming KB " (type: KEYBOARD, id 8)
[   275.340] (**) Option "xkb_model" "pc105"
[   275.340] (**) Option "xkb_layout" "fr"
[   275.340] (**) Option "xkb_options" "terminate:ctrl_alt_bksp"
[   275.341] (II) event2  - SINO WEALTH Gaming KB : is tagged by udev as: Keyboard
[   275.341] (II) event2  - SINO WEALTH Gaming KB : device is a keyboard
[   275.342] (II) config/udev: Adding input device SINO WEALTH Gaming KB  System Control (/dev/input/event3)
[   275.342] (**) SINO WEALTH Gaming KB  System Control: Applying InputClass "libinput keyboard catchall"
[   275.342] (**) SINO WEALTH Gaming KB  System Control: Applying InputClass "system-keyboard"
[   275.342] (II) Using input driver 'libinput' for 'SINO WEALTH Gaming KB  System Control'
[   275.342] (II) systemd-logind: got fd for /dev/input/event3 13:67 fd 30 paused 0
[   275.342] (**) SINO WEALTH Gaming KB  System Control: always reports core events
[   275.342] (**) Option "Device" "/dev/input/event3"
[   275.343] (II) event3  - SINO WEALTH Gaming KB  System Control: is tagged by udev as: Keyboard
[   275.343] (II) event3  - SINO WEALTH Gaming KB  System Control: device is a keyboard
[   275.344] (II) event3  - SINO WEALTH Gaming KB  System Control: device removed
[   275.344] (**) Option "config_info" "udev:/sys/devices/pci0000:00/0000:00:14.0/usb2/2-3/2-3:1.1/0003:258A:002A.0002/input/input3/event3"
[   275.344] (II) XINPUT: Adding extended input device "SINO WEALTH Gaming KB  System Control" (type: KEYBOARD, id 9)
[   275.344] (**) Option "xkb_model" "pc105"
[   275.344] (**) Option "xkb_layout" "fr"
[   275.344] (**) Option "xkb_options" "terminate:ctrl_alt_bksp"
[   275.345] (II) event3  - SINO WEALTH Gaming KB  System Control: is tagged by udev as: Keyboard
[   275.345] (II) event3  - SINO WEALTH Gaming KB  System Control: device is a keyboard
[   275.346] (II) config/udev: Adding input device SINO WEALTH Gaming KB  Consumer Control (/dev/input/event4)
[   275.346] (**) SINO WEALTH Gaming KB  Consumer Control: Applying InputClass "libinput keyboard catchall"
[   275.346] (**) SINO WEALTH Gaming KB  Consumer Control: Applying InputClass "system-keyboard"
[   275.346] (II) Using input driver 'libinput' for 'SINO WEALTH Gaming KB  Consumer Control'
[   275.346] (II) systemd-logind: got fd for /dev/input/event4 13:68 fd 31 paused 0
[   275.347] (**) SINO WEALTH Gaming KB  Consumer Control: always reports core events
[   275.347] (**) Option "Device" "/dev/input/event4"
[   275.348] (II) event4  - SINO WEALTH Gaming KB  Consumer Control: is tagged by udev as: Keyboard
[   275.348] (II) event4  - SINO WEALTH Gaming KB  Consumer Control: device is a keyboard
[   275.348] (II) event4  - SINO WEALTH Gaming KB  Consumer Control: device removed
[   275.348] (II) libinput: SINO WEALTH Gaming KB  Consumer Control: needs a virtual subdevice
[   275.348] (**) Option "config_info" "udev:/sys/devices/pci0000:00/0000:00:14.0/usb2/2-3/2-3:1.1/0003:258A:002A.0002/input/input4/event4"
[   275.348] (II) XINPUT: Adding extended input device "SINO WEALTH Gaming KB  Consumer Control" (type: MOUSE, id 10)
[   275.349] (**) Option "AccelerationScheme" "none"
[   275.349] (**) SINO WEALTH Gaming KB  Consumer Control: (accel) selected scheme none/0
[   275.349] (**) SINO WEALTH Gaming KB  Consumer Control: (accel) acceleration factor: 2.000
[   275.349] (**) SINO WEALTH Gaming KB  Consumer Control: (accel) acceleration threshold: 4
[   275.350] (II) event4  - SINO WEALTH Gaming KB  Consumer Control: is tagged by udev as: Keyboard
[   275.350] (II) event4  - SINO WEALTH Gaming KB  Consumer Control: device is a keyboard
[   275.351] (II) config/udev: Adding input device SINO WEALTH Gaming KB  Keyboard (/dev/input/event5)
[   275.351] (**) SINO WEALTH Gaming KB  Keyboard: Applying InputClass "libinput keyboard catchall"
[   275.351] (**) SINO WEALTH Gaming KB  Keyboard: Applying InputClass "system-keyboard"
[   275.351] (II) Using input driver 'libinput' for 'SINO WEALTH Gaming KB  Keyboard'
[   275.352] (II) systemd-logind: got fd for /dev/input/event5 13:69 fd 32 paused 0
[   275.352] (**) SINO WEALTH Gaming KB  Keyboard: always reports core events
[   275.352] (**) Option "Device" "/dev/input/event5"
[   275.353] (II) event5  - SINO WEALTH Gaming KB  Keyboard: is tagged by udev as: Keyboard
[   275.353] (II) event5  - SINO WEALTH Gaming KB  Keyboard: device is a keyboard
[   275.353] (II) event5  - SINO WEALTH Gaming KB  Keyboard: device removed
[   275.353] (**) Option "config_info" "udev:/sys/devices/pci0000:00/0000:00:14.0/usb2/2-3/2-3:1.1/0003:258A:002A.0002/input/input5/event5"
[   275.353] (II) XINPUT: Adding extended input device "SINO WEALTH Gaming KB  Keyboard" (type: KEYBOARD, id 11)
[   275.353] (**) Option "xkb_model" "pc105"
[   275.353] (**) Option "xkb_layout" "fr"
[   275.353] (**) Option "xkb_options" "terminate:ctrl_alt_bksp"
[   275.354] (II) event5  - SINO WEALTH Gaming KB  Keyboard: is tagged by udev as: Keyboard
[   275.354] (II) event5  - SINO WEALTH Gaming KB  Keyboard: device is a keyboard
[   275.355] (II) config/udev: Adding input device SINO WEALTH Gaming KB  Mouse (/dev/input/event6)
[   275.355] (**) SINO WEALTH Gaming KB  Mouse: Applying InputClass "libinput pointer catchall"
[   275.355] (II) Using input driver 'libinput' for 'SINO WEALTH Gaming KB  Mouse'
[   275.355] (II) systemd-logind: got fd for /dev/input/event6 13:70 fd 33 paused 0
[   275.355] (**) SINO WEALTH Gaming KB  Mouse: always reports core events
[   275.355] (**) Option "Device" "/dev/input/event6"
[   275.357] (II) event6  - SINO WEALTH Gaming KB  Mouse: is tagged by udev as: Mouse
[   275.357] (II) event6  - SINO WEALTH Gaming KB  Mouse: device is a pointer
[   275.357] (II) event6  - SINO WEALTH Gaming KB  Mouse: device removed
[   275.357] (II) libinput: SINO WEALTH Gaming KB  Mouse: Step value 0 was provided, libinput Fallback acceleration function is used.
[   275.357] (II) libinput: SINO WEALTH Gaming KB  Mouse: Step value 0 was provided, libinput Fallback acceleration function is used.
[   275.357] (II) libinput: SINO WEALTH Gaming KB  Mouse: Step value 0 was provided, libinput Fallback acceleration function is used.
[   275.357] (**) Option "config_info" "udev:/sys/devices/pci0000:00/0000:00:14.0/usb2/2-3/2-3:1.1/0003:258A:002A.0002/input/input6/event6"
[   275.357] (II) XINPUT: Adding extended input device "SINO WEALTH Gaming KB  Mouse" (type: MOUSE, id 12)
[   275.357] (**) Option "AccelerationScheme" "none"
[   275.357] (**) SINO WEALTH Gaming KB  Mouse: (accel) selected scheme none/0
[   275.357] (**) SINO WEALTH Gaming KB  Mouse: (accel) acceleration factor: 2.000
[   275.357] (**) SINO WEALTH Gaming KB  Mouse: (accel) acceleration threshold: 4
[   275.358] (II) event6  - SINO WEALTH Gaming KB  Mouse: is tagged by udev as: Mouse
[   275.358] (II) event6  - SINO WEALTH Gaming KB  Mouse: device is a pointer
[   275.359] (II) config/udev: Adding input device SINO WEALTH Gaming KB  Mouse (/dev/input/mouse0)
[   275.359] (II) No input driver specified, ignoring this device.
[   275.359] (II) This device may have been added with another device file.
[   275.360] (II) config/udev: Adding input device USB Gaming Mouse (/dev/input/event7)
[   275.360] (**) USB Gaming Mouse: Applying InputClass "libinput pointer catchall"
[   275.360] (II) Using input driver 'libinput' for 'USB Gaming Mouse'
[   275.411] (II) systemd-logind: got fd for /dev/input/event7 13:71 fd 34 paused 0
[   275.411] (**) USB Gaming Mouse: always reports core events
[   275.411] (**) Option "Device" "/dev/input/event7"
[   275.412] (II) event7  - USB Gaming Mouse: is tagged by udev as: Mouse
[   275.413] (II) event7  - USB Gaming Mouse: device is a pointer
[   275.413] (II) event7  - USB Gaming Mouse: device removed
[   275.413] (II) libinput: USB Gaming Mouse: Step value 0 was provided, libinput Fallback acceleration function is used.
[   275.413] (II) libinput: USB Gaming Mouse: Step value 0 was provided, libinput Fallback acceleration function is used.
[   275.413] (II) libinput: USB Gaming Mouse: Step value 0 was provided, libinput Fallback acceleration function is used.
[   275.413] (**) Option "config_info" "udev:/sys/devices/pci0000:00/0000:00:14.0/usb2/2-4/2-4:1.0/0003:04D9:FC4F.0003/input/input7/event7"
[   275.413] (II) XINPUT: Adding extended input device "USB Gaming Mouse" (type: MOUSE, id 13)
[   275.413] (**) Option "AccelerationScheme" "none"
[   275.413] (**) USB Gaming Mouse: (accel) selected scheme none/0
[   275.413] (**) USB Gaming Mouse: (accel) acceleration factor: 2.000
[   275.413] (**) USB Gaming Mouse: (accel) acceleration threshold: 4
[   275.414] (II) event7  - USB Gaming Mouse: is tagged by udev as: Mouse
[   275.414] (II) event7  - USB Gaming Mouse: device is a pointer
[   275.415] (II) config/udev: Adding input device USB Gaming Mouse (/dev/input/mouse1)
[   275.415] (II) No input driver specified, ignoring this device.
[   275.415] (II) This device may have been added with another device file.
[   275.415] (II) config/udev: Adding input device USB Gaming Mouse (/dev/input/event8)
[   275.415] (**) USB Gaming Mouse: Applying InputClass "libinput keyboard catchall"
[   275.415] (**) USB Gaming Mouse: Applying InputClass "system-keyboard"
[   275.415] (II) Using input driver 'libinput' for 'USB Gaming Mouse'
[   275.416] (II) systemd-logind: got fd for /dev/input/event8 13:72 fd 35 paused 0
[   275.416] (**) USB Gaming Mouse: always reports core events
[   275.416] (**) Option "Device" "/dev/input/event8"
[   275.417] (II) event8  - USB Gaming Mouse: is tagged by udev as: Keyboard
[   275.417] (II) event8  - USB Gaming Mouse: device is a keyboard
[   275.417] (II) event8  - USB Gaming Mouse: device removed
[   275.417] (**) Option "config_info" "udev:/sys/devices/pci0000:00/0000:00:14.0/usb2/2-4/2-4:1.1/0003:04D9:FC4F.0004/input/input8/event8"
[   275.417] (II) XINPUT: Adding extended input device "USB Gaming Mouse" (type: KEYBOARD, id 14)
[   275.417] (**) Option "xkb_model" "pc105"
[   275.417] (**) Option "xkb_layout" "fr"
[   275.417] (**) Option "xkb_options" "terminate:ctrl_alt_bksp"
[   275.419] (II) event8  - USB Gaming Mouse: is tagged by udev as: Keyboard
[   275.419] (II) event8  - USB Gaming Mouse: device is a keyboard
[   275.420] (II) config/udev: Adding input device USB Gaming Mouse (/dev/input/event10)
[   275.420] (II) No input driver specified, ignoring this device.
[   275.420] (II) This device may have been added with another device file.
[   275.420] (II) config/udev: Adding input device USB Gaming Mouse Consumer Control (/dev/input/event9)
[   275.420] (**) USB Gaming Mouse Consumer Control: Applying InputClass "libinput keyboard catchall"
[   275.420] (**) USB Gaming Mouse Consumer Control: Applying InputClass "system-keyboard"
[   275.420] (II) Using input driver 'libinput' for 'USB Gaming Mouse Consumer Control'
[   275.421] (II) systemd-logind: got fd for /dev/input/event9 13:73 fd 36 paused 0
[   275.421] (**) USB Gaming Mouse Consumer Control: always reports core events
[   275.421] (**) Option "Device" "/dev/input/event9"
[   275.422] (II) event9  - USB Gaming Mouse Consumer Control: is tagged by udev as: Keyboard
[   275.423] (II) event9  - USB Gaming Mouse Consumer Control: device is a keyboard
[   275.423] (II) event9  - USB Gaming Mouse Consumer Control: device removed
[   275.423] (II) libinput: USB Gaming Mouse Consumer Control: needs a virtual subdevice
[   275.423] (**) Option "config_info" "udev:/sys/devices/pci0000:00/0000:00:14.0/usb2/2-4/2-4:1.2/0003:04D9:FC4F.0005/input/input9/event9"
[   275.423] (II) XINPUT: Adding extended input device "USB Gaming Mouse Consumer Control" (type: MOUSE, id 15)
[   275.423] (**) Option "AccelerationScheme" "none"
[   275.423] (**) USB Gaming Mouse Consumer Control: (accel) selected scheme none/0
[   275.423] (**) USB Gaming Mouse Consumer Control: (accel) acceleration factor: 2.000
[   275.423] (**) USB Gaming Mouse Consumer Control: (accel) acceleration threshold: 4
[   275.424] (II) event9  - USB Gaming Mouse Consumer Control: is tagged by udev as: Keyboard
[   275.424] (II) event9  - USB Gaming Mouse Consumer Control: device is a keyboard
[   275.425] (II) config/udev: Adding input device HDA Intel PCH Rear Mic (/dev/input/event16)
[   275.425] (II) No input driver specified, ignoring this device.
[   275.425] (II) This device may have been added with another device file.
[   275.425] (II) config/udev: Adding input device HDA Intel PCH Front Mic (/dev/input/event17)
[   275.425] (II) No input driver specified, ignoring this device.
[   275.425] (II) This device may have been added with another device file.
[   275.425] (II) config/udev: Adding input device HDA Intel PCH Line (/dev/input/event18)
[   275.425] (II) No input driver specified, ignoring this device.
[   275.425] (II) This device may have been added with another device file.
[   275.425] (II) config/udev: Adding input device HDA Intel PCH Line Out (/dev/input/event19)
[   275.425] (II) No input driver specified, ignoring this device.
[   275.425] (II) This device may have been added with another device file.
[   275.426] (II) config/udev: Adding input device HDA Intel PCH Front Headphone (/dev/input/event20)
[   275.426] (II) No input driver specified, ignoring this device.
[   275.426] (II) This device may have been added with another device file.
[   275.426] (II) config/udev: Adding input device PC Speaker (/dev/input/event11)
[   275.426] (II) No input driver specified, ignoring this device.
[   275.426] (II) This device may have been added with another device file.
[   275.431] (**) SINO WEALTH Gaming KB  Consumer Control: Applying InputClass "libinput keyboard catchall"
[   275.431] (**) SINO WEALTH Gaming KB  Consumer Control: Applying InputClass "system-keyboard"
[   275.431] (II) Using input driver 'libinput' for 'SINO WEALTH Gaming KB  Consumer Control'
[   275.431] (II) systemd-logind: returning pre-existing fd for /dev/input/event4 13:68
[   275.431] (**) SINO WEALTH Gaming KB  Consumer Control: always reports core events
[   275.431] (**) Option "Device" "/dev/input/event4"
[   275.431] (II) libinput: SINO WEALTH Gaming KB  Consumer Control: is a virtual subdevice
[   275.431] (**) Option "config_info" "udev:/sys/devices/pci0000:00/0000:00:14.0/usb2/2-3/2-3:1.1/0003:258A:002A.0002/input/input4/event4"
[   275.431] (II) XINPUT: Adding extended input device "SINO WEALTH Gaming KB  Consumer Control" (type: KEYBOARD, id 16)
[   275.431] (**) Option "xkb_model" "pc105"
[   275.431] (**) Option "xkb_layout" "fr"
[   275.431] (**) Option "xkb_options" "terminate:ctrl_alt_bksp"
[   275.431] (**) USB Gaming Mouse Consumer Control: Applying InputClass "libinput keyboard catchall"
[   275.431] (**) USB Gaming Mouse Consumer Control: Applying InputClass "system-keyboard"
[   275.431] (II) Using input driver 'libinput' for 'USB Gaming Mouse Consumer Control'
[   275.431] (II) systemd-logind: returning pre-existing fd for /dev/input/event9 13:73
[   275.431] (**) USB Gaming Mouse Consumer Control: always reports core events
[   275.431] (**) Option "Device" "/dev/input/event9"
[   275.431] (II) libinput: USB Gaming Mouse Consumer Control: is a virtual subdevice
[   275.431] (**) Option "config_info" "udev:/sys/devices/pci0000:00/0000:00:14.0/usb2/2-4/2-4:1.2/0003:04D9:FC4F.0005/input/input9/event9"
[   275.431] (II) XINPUT: Adding extended input device "USB Gaming Mouse Consumer Control" (type: KEYBOARD, id 17)
[   275.431] (**) Option "xkb_model" "pc105"
[   275.431] (**) Option "xkb_layout" "fr"
[   275.431] (**) Option "xkb_options" "terminate:ctrl_alt_bksp"
[   275.432] (II) modeset(0): Disabling kernel dirty updates, not required.
[   276.908] (II) modeset(0): EDID vendor "SAM", prod id 2790
[   276.908] (II) modeset(0): Using EDID range info for horizontal sync
[   276.908] (II) modeset(0): Using EDID range info for vertical refresh
[   276.908] (II) modeset(0): Printing DDC gathered Modelines:
[   276.908] (II) modeset(0): Modeline "1366x768"x0.0   85.50  1366 1436 1579 1792  768 771 774 798 +hsync +vsync (47.7 kHz eP)
[   276.908] (II) modeset(0): Modeline "800x600"x0.0   40.00  800 840 968 1056  600 601 605 628 +hsync +vsync (37.9 kHz e)
[   276.908] (II) modeset(0): Modeline "800x600"x0.0   36.00  800 824 896 1024  600 601 603 625 +hsync +vsync (35.2 kHz e)
[   276.908] (II) modeset(0): Modeline "640x480"x0.0   31.50  640 656 720 840  480 481 484 500 -hsync -vsync (37.5 kHz e)
[   276.908] (II) modeset(0): Modeline "640x480"x0.0   31.50  640 664 704 832  480 489 492 520 -hsync -vsync (37.9 kHz e)
[   276.908] (II) modeset(0): Modeline "640x480"x0.0   30.24  640 704 768 864  480 483 486 525 -hsync -vsync (35.0 kHz e)
[   276.908] (II) modeset(0): Modeline "640x480"x0.0   25.18  640 656 752 800  480 490 492 525 -hsync -vsync (31.5 kHz e)
[   276.908] (II) modeset(0): Modeline "720x400"x0.0   28.32  720 738 846 900  400 412 414 449 -hsync +vsync (31.5 kHz e)
[   276.908] (II) modeset(0): Modeline "1024x768"x0.0   78.75  1024 1040 1136 1312  768 769 772 800 +hsync +vsync (60.0 kHz e)
[   276.908] (II) modeset(0): Modeline "1024x768"x0.0   75.00  1024 1048 1184 1328  768 771 777 806 -hsync -vsync (56.5 kHz e)
[   276.908] (II) modeset(0): Modeline "1024x768"x0.0   65.00  1024 1048 1184 1344  768 771 777 806 -hsync -vsync (48.4 kHz e)
[   276.908] (II) modeset(0): Modeline "832x624"x0.0   57.28  832 864 928 1152  624 625 628 667 -hsync -vsync (49.7 kHz e)
[   276.908] (II) modeset(0): Modeline "800x600"x0.0   49.50  800 816 896 1056  600 601 604 625 +hsync +vsync (46.9 kHz e)
[   276.908] (II) modeset(0): Modeline "800x600"x0.0   50.00  800 856 976 1040  600 637 643 666 +hsync +vsync (48.1 kHz e)
[   276.908] (II) modeset(0): Modeline "1280x720"x60.0   74.48  1280 1336 1472 1664  720 721 724 746 -hsync +vsync (44.8 kHz e)
[   355.923] (**) Option "fd" "25"
[   355.923] (II) event1  - Power Button: device removed
[   355.923] (**) Option "fd" "28"
[   355.923] (II) event0  - Power Button: device removed
[   355.923] (**) Option "fd" "29"
[   355.923] (II) event2  - SINO WEALTH Gaming KB : device removed
[   355.923] (**) Option "fd" "30"
[   355.923] (II) event3  - SINO WEALTH Gaming KB  System Control: device removed
[   355.923] (**) Option "fd" "31"
[   355.924] (**) Option "fd" "32"
[   355.924] (II) event5  - SINO WEALTH Gaming KB  Keyboard: device removed
[   355.924] (**) Option "fd" "33"
[   355.924] (II) event6  - SINO WEALTH Gaming KB  Mouse: device removed
[   355.924] (**) Option "fd" "34"
[   355.924] (II) event7  - USB Gaming Mouse: device removed
[   355.924] (**) Option "fd" "35"
[   355.924] (II) event8  - USB Gaming Mouse: device removed
[   355.924] (**) Option "fd" "36"
[   355.924] (**) Option "fd" "31"
[   355.924] (II) event4  - SINO WEALTH Gaming KB  Consumer Control: device removed
[   355.924] (**) Option "fd" "36"
[   355.925] (II) event9  - USB Gaming Mouse Consumer Control: device removed
[   355.925] (II) AIGLX: Suspending AIGLX clients for VT switch
[   355.929] (II) systemd-logind: got pause for 13:73
[   355.929] (II) systemd-logind: got pause for 13:71
[   355.929] (II) systemd-logind: got pause for 13:70
[   355.929] (II) systemd-logind: got pause for 13:64
[   355.929] (II) systemd-logind: got pause for 13:67
[   355.929] (II) systemd-logind: got pause for 13:65
[   355.929] (II) systemd-logind: got pause for 13:66
[   355.929] (II) systemd-logind: got pause for 13:69
[   355.929] (II) systemd-logind: got pause for 13:68
[   355.929] (II) systemd-logind: got pause for 13:72
[   366.196] (II) systemd-logind: got resume for 13:73
[   366.206] (II) systemd-logind: got resume for 13:71
[   366.222] (II) systemd-logind: got resume for 13:70
[   366.231] (II) systemd-logind: got resume for 13:64
[   366.245] (II) systemd-logind: got resume for 13:67
[   366.253] (II) systemd-logind: got resume for 13:65
[   366.253] (II) systemd-logind: got resume for 226:0
[   366.253] (II) AIGLX: Resuming AIGLX clients after VT switch
[   366.322] (II) modeset(0): EDID vendor "SAM", prod id 2790
[   366.323] (II) modeset(0): Using hsync ranges from config file
[   366.323] (II) modeset(0): Using vrefresh ranges from config file
[   366.323] (II) modeset(0): Printing DDC gathered Modelines:
[   366.323] (II) modeset(0): Modeline "1366x768"x0.0   85.50  1366 1436 1579 1792  768 771 774 798 +hsync +vsync (47.7 kHz eP)
[   366.323] (II) modeset(0): Modeline "800x600"x0.0   40.00  800 840 968 1056  600 601 605 628 +hsync +vsync (37.9 kHz e)
[   366.323] (II) modeset(0): Modeline "800x600"x0.0   36.00  800 824 896 1024  600 601 603 625 +hsync +vsync (35.2 kHz e)
[   366.323] (II) modeset(0): Modeline "640x480"x0.0   31.50  640 656 720 840  480 481 484 500 -hsync -vsync (37.5 kHz e)
[   366.323] (II) modeset(0): Modeline "640x480"x0.0   31.50  640 664 704 832  480 489 492 520 -hsync -vsync (37.9 kHz e)
[   366.323] (II) modeset(0): Modeline "640x480"x0.0   30.24  640 704 768 864  480 483 486 525 -hsync -vsync (35.0 kHz e)
[   366.323] (II) modeset(0): Modeline "640x480"x0.0   25.18  640 656 752 800  480 490 492 525 -hsync -vsync (31.5 kHz e)
[   366.323] (II) modeset(0): Modeline "720x400"x0.0   28.32  720 738 846 900  400 412 414 449 -hsync +vsync (31.5 kHz e)
[   366.323] (II) modeset(0): Modeline "1024x768"x0.0   78.75  1024 1040 1136 1312  768 769 772 800 +hsync +vsync (60.0 kHz e)
[   366.323] (II) modeset(0): Modeline "1024x768"x0.0   75.00  1024 1048 1184 1328  768 771 777 806 -hsync -vsync (56.5 kHz e)
[   366.323] (II) modeset(0): Modeline "1024x768"x0.0   65.00  1024 1048 1184 1344  768 771 777 806 -hsync -vsync (48.4 kHz e)
[   366.323] (II) modeset(0): Modeline "832x624"x0.0   57.28  832 864 928 1152  624 625 628 667 -hsync -vsync (49.7 kHz e)
[   366.323] (II) modeset(0): Modeline "800x600"x0.0   49.50  800 816 896 1056  600 601 604 625 +hsync +vsync (46.9 kHz e)
[   366.323] (II) modeset(0): Modeline "800x600"x0.0   50.00  800 856 976 1040  600 637 643 666 +hsync +vsync (48.1 kHz e)
[   366.323] (II) modeset(0): Modeline "1280x720"x60.0   74.48  1280 1336 1472 1664  720 721 724 746 -hsync +vsync (44.8 kHz e)
[   366.396] (II) modeset(0): EDID vendor "SAM", prod id 2790
[   366.396] (II) modeset(0): Using hsync ranges from config file
[   366.396] (II) modeset(0): Using vrefresh ranges from config file
[   366.396] (II) modeset(0): Printing DDC gathered Modelines:
[   366.396] (II) modeset(0): Modeline "1366x768"x0.0   85.50  1366 1436 1579 1792  768 771 774 798 +hsync +vsync (47.7 kHz eP)
[   366.396] (II) modeset(0): Modeline "800x600"x0.0   40.00  800 840 968 1056  600 601 605 628 +hsync +vsync (37.9 kHz e)
[   366.396] (II) modeset(0): Modeline "800x600"x0.0   36.00  800 824 896 1024  600 601 603 625 +hsync +vsync (35.2 kHz e)
[   366.396] (II) modeset(0): Modeline "640x480"x0.0   31.50  640 656 720 840  480 481 484 500 -hsync -vsync (37.5 kHz e)
[   366.396] (II) modeset(0): Modeline "640x480"x0.0   31.50  640 664 704 832  480 489 492 520 -hsync -vsync (37.9 kHz e)
[   366.396] (II) modeset(0): Modeline "640x480"x0.0   30.24  640 704 768 864  480 483 486 525 -hsync -vsync (35.0 kHz e)
[   366.396] (II) modeset(0): Modeline "640x480"x0.0   25.18  640 656 752 800  480 490 492 525 -hsync -vsync (31.5 kHz e)
[   366.396] (II) modeset(0): Modeline "720x400"x0.0   28.32  720 738 846 900  400 412 414 449 -hsync +vsync (31.5 kHz e)
[   366.396] (II) modeset(0): Modeline "1024x768"x0.0   78.75  1024 1040 1136 1312  768 769 772 800 +hsync +vsync (60.0 kHz e)
[   366.396] (II) modeset(0): Modeline "1024x768"x0.0   75.00  1024 1048 1184 1328  768 771 777 806 -hsync -vsync (56.5 kHz e)
[   366.396] (II) modeset(0): Modeline "1024x768"x0.0   65.00  1024 1048 1184 1344  768 771 777 806 -hsync -vsync (48.4 kHz e)
[   366.396] (II) modeset(0): Modeline "832x624"x0.0   57.28  832 864 928 1152  624 625 628 667 -hsync -vsync (49.7 kHz e)
[   366.396] (II) modeset(0): Modeline "800x600"x0.0   49.50  800 816 896 1056  600 601 604 625 +hsync +vsync (46.9 kHz e)
[   366.396] (II) modeset(0): Modeline "800x600"x0.0   50.00  800 856 976 1040  600 637 643 666 +hsync +vsync (48.1 kHz e)
[   366.396] (II) modeset(0): Modeline "1280x720"x60.0   74.48  1280 1336 1472 1664  720 721 724 746 -hsync +vsync (44.8 kHz e)
[   366.413] (II) event1  - Power Button: is tagged by udev as: Keyboard
[   366.413] (II) event1  - Power Button: device is a keyboard
[   366.414] (II) event0  - Power Button: is tagged by udev as: Keyboard
[   366.414] (II) event0  - Power Button: device is a keyboard
[   366.415] (II) event3  - SINO WEALTH Gaming KB  System Control: is tagged by udev as: Keyboard
[   366.415] (II) event3  - SINO WEALTH Gaming KB  System Control: device is a keyboard
[   366.416] (II) event6  - SINO WEALTH Gaming KB  Mouse: is tagged by udev as: Mouse
[   366.416] (II) event6  - SINO WEALTH Gaming KB  Mouse: device is a pointer
[   366.417] (II) event7  - USB Gaming Mouse: is tagged by udev as: Mouse
[   366.417] (II) event7  - USB Gaming Mouse: device is a pointer
[   366.418] (II) event9  - USB Gaming Mouse Consumer Control: is tagged by udev as: Keyboard
[   366.418] (II) event9  - USB Gaming Mouse Consumer Control: device is a keyboard
[   366.419] (II) systemd-logind: got resume for 13:66
[   366.419] (II) event2  - SINO WEALTH Gaming KB : is tagged by udev as: Keyboard
[   366.419] (II) event2  - SINO WEALTH Gaming KB : device is a keyboard
[   366.420] (II) systemd-logind: got resume for 13:69
[   366.421] (II) event5  - SINO WEALTH Gaming KB  Keyboard: is tagged by udev as: Keyboard
[   366.421] (II) event5  - SINO WEALTH Gaming KB  Keyboard: device is a keyboard
[   366.421] (II) systemd-logind: got resume for 13:68
[   366.422] (II) event4  - SINO WEALTH Gaming KB  Consumer Control: is tagged by udev as: Keyboard
[   366.422] (II) event4  - SINO WEALTH Gaming KB  Consumer Control: device is a keyboard
[   366.423] (II) systemd-logind: got resume for 13:72
[   366.424] (II) event8  - USB Gaming Mouse: is tagged by udev as: Keyboard
[   366.424] (II) event8  - USB Gaming Mouse: device is a keyboard
[   371.791] (**) Option "fd" "33"
[   371.791] (II) event1  - Power Button: device removed
[   371.791] (**) Option "fd" "31"
[   371.791] (II) event0  - Power Button: device removed
[   371.791] (**) Option "fd" "35"
[   371.791] (II) event2  - SINO WEALTH Gaming KB : device removed
[   371.792] (**) Option "fd" "32"
[   371.792] (II) event3  - SINO WEALTH Gaming KB  System Control: device removed
[   371.792] (**) Option "fd" "39"
[   371.792] (**) Option "fd" "36"
[   371.792] (II) event5  - SINO WEALTH Gaming KB  Keyboard: device removed
[   371.792] (**) Option "fd" "30"
[   371.792] (II) event6  - SINO WEALTH Gaming KB  Mouse: device removed
[   371.792] (**) Option "fd" "29"
[   371.792] (II) event7  - USB Gaming Mouse: device removed
[   371.792] (**) Option "fd" "40"
[   371.792] (II) event8  - USB Gaming Mouse: device removed
[   371.792] (**) Option "fd" "28"
[   371.793] (**) Option "fd" "39"
[   371.793] (II) event4  - SINO WEALTH Gaming KB  Consumer Control: device removed
[   371.793] (**) Option "fd" "28"
[   371.793] (II) event9  - USB Gaming Mouse Consumer Control: device removed
[   371.793] (II) AIGLX: Suspending AIGLX clients for VT switch
[   371.799] (II) systemd-logind: got pause for 13:73
[   371.799] (II) systemd-logind: got pause for 13:71
[   371.799] (II) systemd-logind: got pause for 13:70
[   371.799] (II) systemd-logind: got pause for 13:64
[   371.799] (II) systemd-logind: got pause for 13:67
[   371.799] (II) systemd-logind: got pause for 13:65
[   371.799] (II) systemd-logind: got pause for 13:66
[   371.799] (II) systemd-logind: got pause for 13:69
[   371.799] (II) systemd-logind: got pause for 13:68
[   371.799] (II) systemd-logind: got pause for 13:72
[   574.114] (II) UnloadModule: "libinput"
[   574.114] (II) systemd-logind: not releasing fd for 13:73, still in use
[   574.114] (II) UnloadModule: "libinput"
[   574.114] (II) systemd-logind: not releasing fd for 13:68, still in use
[   574.114] (II) UnloadModule: "libinput"
[   574.114] (II) systemd-logind: releasing fd for 13:73
[   574.126] (II) UnloadModule: "libinput"
[   574.126] (II) systemd-logind: releasing fd for 13:72
[   574.167] (II) UnloadModule: "libinput"
[   574.167] (II) systemd-logind: releasing fd for 13:71
[   574.181] (II) UnloadModule: "libinput"
[   574.181] (II) systemd-logind: releasing fd for 13:70
[   574.205] (II) UnloadModule: "libinput"
[   574.205] (II) systemd-logind: releasing fd for 13:69
[   574.211] (II) UnloadModule: "libinput"
[   574.211] (II) systemd-logind: releasing fd for 13:68
[   574.217] (II) UnloadModule: "libinput"
[   574.217] (II) systemd-logind: releasing fd for 13:67
[   574.223] (II) UnloadModule: "libinput"
[   574.223] (II) systemd-logind: releasing fd for 13:66
[   574.229] (II) UnloadModule: "libinput"
[   574.229] (II) systemd-logind: releasing fd for 13:64
[   574.235] (II) UnloadModule: "libinput"
[   574.235] (II) systemd-logind: releasing fd for 13:65
[   574.242] (WW) xf86CloseConsole: KDSETMODE failed: Input/output error
[   574.242] (WW) xf86CloseConsole: VT_GETMODE failed: Input/output error
[   574.242] (WW) xf86OpenConsole: VT_GETSTATE failed: Input/output error
[   574.243] (II) Server terminated successfully (0). Closing log file.
